2015-01-09 08:41:17 3328 [Note] Plugin 'FEDERATED' is disabled.
2015-01-09 08:41:17 12e8 InnoDB: Warning: Using innodb_additional_mem_pool_size is DEPRECATED. This option may be removed in future releases, together with the option innodb_use_sys_malloc and with the InnoDB's internal memory allocator.
2015-01-09 08:41:17 3328 [Note] InnoDB: Using atomics to ref count buffer pool pages
2015-01-09 08:41:17 3328 [Note] InnoDB: The InnoDB memory heap is disabled
2015-01-09 08:41:17 3328 [Note] InnoDB: Mutexes and rw_locks use Windows interlocked functions
2015-01-09 08:41:17 3328 [Note] InnoDB: Memory barrier is not used
2015-01-09 08:41:17 3328 [Note] InnoDB: Compressed tables use zlib 1.2.3
2015-01-09 08:41:17 3328 [Note] InnoDB: Not using CPU crc32 instructions
2015-01-09 08:41:17 3328 [Note] InnoDB: Initializing buffer pool, size = 16.0M
2015-01-09 08:41:17 3328 [Note] InnoDB: Completed initialization of buffer pool
2015-01-09 08:41:17 3328 [Note] InnoDB: Highest supported file format is Barracuda.
2015-01-09 08:41:17 3328 [Note] InnoDB: 128 rollback segment(s) are active.
2015-01-09 08:41:17 3328 [Note] InnoDB: Waiting for purge to start
2015-01-09 08:41:17 3328 [Note] InnoDB: 5.6.21 started; log sequence number 1665234
2015-01-09 08:41:17 3328 [Note] Server hostname (bind-address): '*'; port: 3306
2015-01-09 08:41:17 3328 [Note] IPv6 is available.
2015-01-09 08:41:17 3328 [Note]   - '::' resolves to '::';
2015-01-09 08:41:17 3328 [Note] Server socket created on IP: '::'.
2015-01-14 11:57:13 5548 [Note] Plugin 'FEDERATED' is disabled.
2015-01-14 11:57:13 ec0 InnoDB: Warning: Using innodb_additional_mem_pool_size is DEPRECATED. This option may be removed in future releases, together with the option innodb_use_sys_malloc and with the InnoDB's internal memory allocator.
2015-01-14 11:57:13 5548 [Note] InnoDB: Using atomics to ref count buffer pool pages
2015-01-14 11:57:13 5548 [Note] InnoDB: The InnoDB memory heap is disabled
2015-01-14 11:57:13 5548 [Note] InnoDB: Mutexes and rw_locks use Windows interlocked functions
2015-01-14 11:57:13 5548 [Note] InnoDB: Memory barrier is not used
2015-01-14 11:57:13 5548 [Note] InnoDB: Compressed tables use zlib 1.2.3
2015-01-14 11:57:13 5548 [Note] InnoDB: Not using CPU crc32 instructions
2015-01-14 11:57:13 5548 [Note] InnoDB: Initializing buffer pool, size = 16.0M
2015-01-14 11:57:13 5548 [Note] InnoDB: Completed initialization of buffer pool
2015-01-14 11:57:13 5548 [Note] InnoDB: Highest supported file format is Barracuda.
2015-01-14 11:57:13 5548 [Note] InnoDB: The log sequence numbers 1665234 and 1665234 in ibdata files do not match the log sequence number 3272894 in the ib_logfiles!
2015-01-14 11:57:13 5548 [Note] InnoDB: Database was not shutdown normally!
2015-01-14 11:57:13 5548 [Note] InnoDB: Starting crash recovery.
2015-01-14 11:57:13 5548 [Note] InnoDB: Reading tablespace information from the .ibd files...
2015-01-14 11:57:13 5548 [Note] InnoDB: Restoring possible half-written data pages 
2015-01-14 11:57:13 5548 [Note] InnoDB: from the doublewrite buffer...
2015-01-14 11:57:15 5548 [Note] InnoDB: 128 rollback segment(s) are active.
2015-01-14 11:57:15 5548 [Note] InnoDB: Waiting for purge to start
2015-01-14 11:57:16 5548 [Note] InnoDB: 5.6.21 started; log sequence number 3272894
2015-01-14 11:57:16 5548 [Note] Server hostname (bind-address): '*'; port: 3306
2015-01-14 11:57:16 5548 [Note] IPv6 is available.
2015-01-14 11:57:16 5548 [Note]   - '::' resolves to '::';
2015-01-14 11:57:16 5548 [Note] Server socket created on IP: '::'.
2015-01-14 11:57:16 5548 [Note] Event Scheduler: Loaded 0 events
2015-01-14 11:57:16 5548 [Note] c:\users\01008649\xampp\mysql\bin\mysqld.exe: ready for connections.
Version: '5.6.21'  socket: ''  port: 3306  MySQL Community Server (GPL)
2015-01-16 11:53:18 3980 [Note] Plugin 'FEDERATED' is disabled.
2015-01-16 11:53:18 10cc InnoDB: Warning: Using innodb_additional_mem_pool_size is DEPRECATED. This option may be removed in future releases, together with the option innodb_use_sys_malloc and with the InnoDB's internal memory allocator.
2015-01-16 11:53:18 3980 [Note] InnoDB: Using atomics to ref count buffer pool pages
2015-01-16 11:53:18 3980 [Note] InnoDB: The InnoDB memory heap is disabled
2015-01-16 11:53:18 3980 [Note] InnoDB: Mutexes and rw_locks use Windows interlocked functions
2015-01-16 11:53:18 3980 [Note] InnoDB: Memory barrier is not used
2015-01-16 11:53:18 3980 [Note] InnoDB: Compressed tables use zlib 1.2.3
2015-01-16 11:53:18 3980 [Note] InnoDB: Not using CPU crc32 instructions
2015-01-16 11:53:18 3980 [Note] InnoDB: Initializing buffer pool, size = 16.0M
2015-01-16 11:53:18 3980 [Note] InnoDB: Completed initialization of buffer pool
2015-01-16 11:53:19 3980 [Note] InnoDB: Highest supported file format is Barracuda.
2015-01-16 11:53:19 3980 [Note] InnoDB: The log sequence numbers 1665234 and 1665234 in ibdata files do not match the log sequence number 3272904 in the ib_logfiles!
2015-01-16 11:53:19 3980 [Note] InnoDB: Database was not shutdown normally!
2015-01-16 11:53:19 3980 [Note] InnoDB: Starting crash recovery.
2015-01-16 11:53:19 3980 [Note] InnoDB: Reading tablespace information from the .ibd files...
2015-01-16 11:53:19 3980 [Note] InnoDB: Restoring possible half-written data pages 
2015-01-16 11:53:19 3980 [Note] InnoDB: from the doublewrite buffer...
2015-01-16 11:53:20 3980 [Note] InnoDB: 128 rollback segment(s) are active.
2015-01-16 11:53:20 3980 [Note] InnoDB: Waiting for purge to start
2015-01-16 11:53:20 3980 [Note] InnoDB: 5.6.21 started; log sequence number 3272904
2015-01-16 11:53:20 3980 [Note] Server hostname (bind-address): '*'; port: 3306
2015-01-16 11:53:20 3980 [Note] IPv6 is available.
2015-01-16 11:53:20 3980 [Note]   - '::' resolves to '::';
2015-01-16 11:53:20 3980 [Note] Server socket created on IP: '::'.
2015-01-16 11:53:21 3980 [Note] Event Scheduler: Loaded 0 events
2015-01-16 11:53:21 3980 [Note] c:\users\01008649\xampp\mysql\bin\mysqld.exe: ready for connections.
Version: '5.6.21'  socket: ''  port: 3306  MySQL Community Server (GPL)
2015-01-16 12:23:04 4400 [Note] Plugin 'FEDERATED' is disabled.
2015-01-16 12:23:04 e80 InnoDB: Warning: Using innodb_additional_mem_pool_size is DEPRECATED. This option may be removed in future releases, together with the option innodb_use_sys_malloc and with the InnoDB's internal memory allocator.
2015-01-16 12:23:04 4400 [Note] InnoDB: Using atomics to ref count buffer pool pages
2015-01-16 12:23:04 4400 [Note] InnoDB: The InnoDB memory heap is disabled
2015-01-16 12:23:04 4400 [Note] InnoDB: Mutexes and rw_locks use Windows interlocked functions
2015-01-16 12:23:04 4400 [Note] InnoDB: Memory barrier is not used
2015-01-16 12:23:04 4400 [Note] InnoDB: Compressed tables use zlib 1.2.3
2015-01-16 12:23:04 4400 [Note] InnoDB: Not using CPU crc32 instructions
2015-01-16 12:23:04 4400 [Note] InnoDB: Initializing buffer pool, size = 16.0M
2015-01-16 12:23:04 4400 [Note] InnoDB: Completed initialization of buffer pool
2015-01-16 12:23:04 4400 [Note] InnoDB: Highest supported file format is Barracuda.
2015-01-16 12:23:04 4400 [Note] InnoDB: The log sequence numbers 1665234 and 1665234 in ibdata files do not match the log sequence number 3272914 in the ib_logfiles!
2015-01-16 12:23:04 4400 [Note] InnoDB: Database was not shutdown normally!
2015-01-16 12:23:04 4400 [Note] InnoDB: Starting crash recovery.
2015-01-16 12:23:04 4400 [Note] InnoDB: Reading tablespace information from the .ibd files...
2015-01-16 12:23:04 4400 [Note] InnoDB: Restoring possible half-written data pages 
2015-01-16 12:23:04 4400 [Note] InnoDB: from the doublewrite buffer...
2015-01-16 12:23:05 4400 [Note] InnoDB: 128 rollback segment(s) are active.
2015-01-16 12:23:05 4400 [Note] InnoDB: Waiting for purge to start
2015-01-16 12:23:05 4400 [Note] InnoDB: 5.6.21 started; log sequence number 3272914
2015-01-16 12:23:05 4400 [Note] Server hostname (bind-address): '*'; port: 3306
2015-01-16 12:23:05 4400 [Note] IPv6 is available.
2015-01-16 12:23:05 4400 [Note]   - '::' resolves to '::';
2015-01-16 12:23:05 4400 [Note] Server socket created on IP: '::'.
2015-01-16 12:23:05 4400 [Note] Event Scheduler: Loaded 0 events
2015-01-16 12:23:05 4400 [Note] c:\users\01008649\xampp\mysql\bin\mysqld.exe: ready for connections.
Version: '5.6.21'  socket: ''  port: 3306  MySQL Community Server (GPL)
2015-01-16 12:41:29 4132 [Note] Plugin 'FEDERATED' is disabled.
2015-01-16 12:41:29 c80 InnoDB: Warning: Using innodb_additional_mem_pool_size is DEPRECATED. This option may be removed in future releases, together with the option innodb_use_sys_malloc and with the InnoDB's internal memory allocator.
2015-01-16 12:41:29 4132 [Note] InnoDB: Using atomics to ref count buffer pool pages
2015-01-16 12:41:29 4132 [Note] InnoDB: The InnoDB memory heap is disabled
2015-01-16 12:41:29 4132 [Note] InnoDB: Mutexes and rw_locks use Windows interlocked functions
2015-01-16 12:41:29 4132 [Note] InnoDB: Memory barrier is not used
2015-01-16 12:41:29 4132 [Note] InnoDB: Compressed tables use zlib 1.2.3
2015-01-16 12:41:29 4132 [Note] InnoDB: Not using CPU crc32 instructions
2015-01-16 12:41:29 4132 [Note] InnoDB: Initializing buffer pool, size = 16.0M
2015-01-16 12:41:29 4132 [Note] InnoDB: Completed initialization of buffer pool
2015-01-16 12:41:30 4132 [Note] InnoDB: Highest supported file format is Barracuda.
2015-01-16 12:41:30 4132 [Note] InnoDB: The log sequence numbers 1665234 and 1665234 in ibdata files do not match the log sequence number 3272924 in the ib_logfiles!
2015-01-16 12:41:30 4132 [Note] InnoDB: Database was not shutdown normally!
2015-01-16 12:41:30 4132 [Note] InnoDB: Starting crash recovery.
2015-01-16 12:41:30 4132 [Note] InnoDB: Reading tablespace information from the .ibd files...
2015-01-16 12:41:32 4132 [Note] InnoDB: Restoring possible half-written data pages 
2015-01-16 12:41:32 4132 [Note] InnoDB: from the doublewrite buffer...
2015-01-16 12:41:34 4132 [Note] InnoDB: 128 rollback segment(s) are active.
2015-01-16 12:41:34 4132 [Note] InnoDB: Waiting for purge to start
2015-01-16 12:41:34 4132 [Note] InnoDB: 5.6.21 started; log sequence number 3272924
2015-01-16 12:41:34 4132 [Note] Server hostname (bind-address): '*'; port: 3306
2015-01-16 12:41:34 4132 [Note] IPv6 is available.
2015-01-16 12:41:34 4132 [Note]   - '::' resolves to '::';
2015-01-16 12:41:34 4132 [Note] Server socket created on IP: '::'.
2015-01-16 12:41:36 4132 [Note] Event Scheduler: Loaded 0 events
2015-01-16 12:41:36 4132 [Note] c:\users\01008649\xampp\mysql\bin\mysqld.exe: ready for connections.
Version: '5.6.21'  socket: ''  port: 3306  MySQL Community Server (GPL)
2015-01-20 11:54:39 3980 [Note] Plugin 'FEDERATED' is disabled.
2015-01-20 11:54:39 8ec InnoDB: Warning: Using innodb_additional_mem_pool_size is DEPRECATED. This option may be removed in future releases, together with the option innodb_use_sys_malloc and with the InnoDB's internal memory allocator.
2015-01-20 11:54:39 3980 [Note] InnoDB: Using atomics to ref count buffer pool pages
2015-01-20 11:54:39 3980 [Note] InnoDB: The InnoDB memory heap is disabled
2015-01-20 11:54:39 3980 [Note] InnoDB: Mutexes and rw_locks use Windows interlocked functions
2015-01-20 11:54:39 3980 [Note] InnoDB: Memory barrier is not used
2015-01-20 11:54:39 3980 [Note] InnoDB: Compressed tables use zlib 1.2.3
2015-01-20 11:54:39 3980 [Note] InnoDB: Not using CPU crc32 instructions
2015-01-20 11:54:39 3980 [Note] InnoDB: Initializing buffer pool, size = 16.0M
2015-01-20 11:54:39 3980 [Note] InnoDB: Completed initialization of buffer pool
2015-01-20 11:54:39 3980 [Note] InnoDB: Highest supported file format is Barracuda.
2015-01-20 11:54:39 3980 [Note] InnoDB: The log sequence numbers 1665234 and 1665234 in ibdata files do not match the log sequence number 3272934 in the ib_logfiles!
2015-01-20 11:54:39 3980 [Note] InnoDB: Database was not shutdown normally!
2015-01-20 11:54:39 3980 [Note] InnoDB: Starting crash recovery.
2015-01-20 11:54:39 3980 [Note] InnoDB: Reading tablespace information from the .ibd files...
2015-01-20 11:54:39 3980 [Note] InnoDB: Restoring possible half-written data pages 
2015-01-20 11:54:39 3980 [Note] InnoDB: from the doublewrite buffer...
2015-01-20 11:54:40 3980 [Note] InnoDB: 128 rollback segment(s) are active.
2015-01-20 11:54:40 3980 [Note] InnoDB: Waiting for purge to start
2015-01-20 11:54:40 3980 [Note] InnoDB: 5.6.21 started; log sequence number 3272934
2015-01-20 11:54:40 3980 [Note] Server hostname (bind-address): '*'; port: 3306
2015-01-20 11:54:40 3980 [Note] IPv6 is available.
2015-01-20 11:54:40 3980 [Note]   - '::' resolves to '::';
2015-01-20 11:54:40 3980 [Note] Server socket created on IP: '::'.
2015-01-20 11:54:40 3980 [Note] Event Scheduler: Loaded 0 events
2015-01-20 11:54:40 3980 [Note] c:\users\01008649\xampp\mysql\bin\mysqld.exe: ready for connections.
Version: '5.6.21'  socket: ''  port: 3306  MySQL Community Server (GPL)
2015-01-21 11:51:47 2744 [Note] Plugin 'FEDERATED' is disabled.
2015-01-21 11:51:47 1094 InnoDB: Warning: Using innodb_additional_mem_pool_size is DEPRECATED. This option may be removed in future releases, together with the option innodb_use_sys_malloc and with the InnoDB's internal memory allocator.
2015-01-21 11:51:47 2744 [Note] InnoDB: Using atomics to ref count buffer pool pages
2015-01-21 11:51:47 2744 [Note] InnoDB: The InnoDB memory heap is disabled
2015-01-21 11:51:47 2744 [Note] InnoDB: Mutexes and rw_locks use Windows interlocked functions
2015-01-21 11:51:47 2744 [Note] InnoDB: Memory barrier is not used
2015-01-21 11:51:47 2744 [Note] InnoDB: Compressed tables use zlib 1.2.3
2015-01-21 11:51:47 2744 [Note] InnoDB: Not using CPU crc32 instructions
2015-01-21 11:51:47 2744 [Note] InnoDB: Initializing buffer pool, size = 16.0M
2015-01-21 11:51:47 2744 [Note] InnoDB: Completed initialization of buffer pool
2015-01-21 11:51:47 2744 [Note] InnoDB: Highest supported file format is Barracuda.
2015-01-21 11:51:47 2744 [Note] InnoDB: The log sequence numbers 1665234 and 1665234 in ibdata files do not match the log sequence number 3272944 in the ib_logfiles!
2015-01-21 11:51:47 2744 [Note] InnoDB: Database was not shutdown normally!
2015-01-21 11:51:47 2744 [Note] InnoDB: Starting crash recovery.
2015-01-21 11:51:47 2744 [Note] InnoDB: Reading tablespace information from the .ibd files...
2015-01-21 11:51:47 2744 [Note] InnoDB: Restoring possible half-written data pages 
2015-01-21 11:51:47 2744 [Note] InnoDB: from the doublewrite buffer...
2015-01-21 11:51:48 2744 [Note] InnoDB: 128 rollback segment(s) are active.
2015-01-21 11:51:48 2744 [Note] InnoDB: Waiting for purge to start
2015-01-21 11:51:48 2744 [Note] InnoDB: 5.6.21 started; log sequence number 3272944
2015-01-21 11:51:48 2744 [Note] Server hostname (bind-address): '*'; port: 3306
2015-01-21 11:51:48 2744 [Note] IPv6 is available.
2015-01-21 11:51:48 2744 [Note]   - '::' resolves to '::';
2015-01-21 11:51:48 2744 [Note] Server socket created on IP: '::'.
2015-01-21 11:51:50 2744 [Note] Event Scheduler: Loaded 0 events
2015-01-21 11:51:50 2744 [Note] c:\users\01008649\xampp\mysql\bin\mysqld.exe: ready for connections.
Version: '5.6.21'  socket: ''  port: 3306  MySQL Community Server (GPL)
2015-01-21 12:35:54 6684 [Note] Plugin 'FEDERATED' is disabled.
2015-01-21 12:35:54 aa8 InnoDB: Warning: Using innodb_additional_mem_pool_size is DEPRECATED. This option may be removed in future releases, together with the option innodb_use_sys_malloc and with the InnoDB's internal memory allocator.
2015-01-21 12:35:54 6684 [Note] InnoDB: Using atomics to ref count buffer pool pages
2015-01-21 12:35:54 6684 [Note] InnoDB: The InnoDB memory heap is disabled
2015-01-21 12:35:54 6684 [Note] InnoDB: Mutexes and rw_locks use Windows interlocked functions
2015-01-21 12:35:54 6684 [Note] InnoDB: Memory barrier is not used
2015-01-21 12:35:54 6684 [Note] InnoDB: Compressed tables use zlib 1.2.3
2015-01-21 12:35:54 6684 [Note] InnoDB: Not using CPU crc32 instructions
2015-01-21 12:35:54 6684 [Note] InnoDB: Initializing buffer pool, size = 16.0M
2015-01-21 12:35:54 6684 [Note] InnoDB: Completed initialization of buffer pool
2015-01-21 12:35:54 6684 [Note] InnoDB: Highest supported file format is Barracuda.
2015-01-21 12:35:54 6684 [Note] InnoDB: The log sequence numbers 1665234 and 1665234 in ibdata files do not match the log sequence number 3313978 in the ib_logfiles!
2015-01-21 12:35:54 6684 [Note] InnoDB: Database was not shutdown normally!
2015-01-21 12:35:54 6684 [Note] InnoDB: Starting crash recovery.
2015-01-21 12:35:54 6684 [Note] InnoDB: Reading tablespace information from the .ibd files...
2015-01-21 12:35:54 6684 [Note] InnoDB: Restoring possible half-written data pages 
2015-01-21 12:35:54 6684 [Note] InnoDB: from the doublewrite buffer...
2015-01-21 12:35:56 6684 [Note] InnoDB: 128 rollback segment(s) are active.
2015-01-21 12:35:56 6684 [Note] InnoDB: Waiting for purge to start
2015-01-21 12:35:56 6684 [Note] InnoDB: 5.6.21 started; log sequence number 3313978
2015-01-21 12:35:56 6684 [Note] Server hostname (bind-address): '*'; port: 3306
2015-01-21 12:35:56 6684 [Note] IPv6 is available.
2015-01-21 12:35:56 6684 [Note]   - '::' resolves to '::';
2015-01-21 12:35:56 6684 [Note] Server socket created on IP: '::'.
2015-01-21 12:35:56 6684 [Note] Event Scheduler: Loaded 0 events
2015-01-21 12:35:56 6684 [Note] c:\users\01008649\xampp\mysql\bin\mysqld.exe: ready for connections.
Version: '5.6.21'  socket: ''  port: 3306  MySQL Community Server (GPL)
2015-01-22 11:52:00 5108 [Note] Plugin 'FEDERATED' is disabled.
2015-01-22 11:52:00 1394 InnoDB: Warning: Using innodb_additional_mem_pool_size is DEPRECATED. This option may be removed in future releases, together with the option innodb_use_sys_malloc and with the InnoDB's internal memory allocator.
2015-01-22 11:52:00 5108 [Note] InnoDB: Using atomics to ref count buffer pool pages
2015-01-22 11:52:00 5108 [Note] InnoDB: The InnoDB memory heap is disabled
2015-01-22 11:52:00 5108 [Note] InnoDB: Mutexes and rw_locks use Windows interlocked functions
2015-01-22 11:52:00 5108 [Note] InnoDB: Memory barrier is not used
2015-01-22 11:52:00 5108 [Note] InnoDB: Compressed tables use zlib 1.2.3
2015-01-22 11:52:00 5108 [Note] InnoDB: Not using CPU crc32 instructions
2015-01-22 11:52:00 5108 [Note] InnoDB: Initializing buffer pool, size = 16.0M
2015-01-22 11:52:00 5108 [Note] InnoDB: Completed initialization of buffer pool
2015-01-22 11:52:01 5108 [Note] InnoDB: Highest supported file format is Barracuda.
2015-01-22 11:52:01 5108 [Note] InnoDB: The log sequence numbers 1665234 and 1665234 in ibdata files do not match the log sequence number 3313988 in the ib_logfiles!
2015-01-22 11:52:01 5108 [Note] InnoDB: Database was not shutdown normally!
2015-01-22 11:52:01 5108 [Note] InnoDB: Starting crash recovery.
2015-01-22 11:52:01 5108 [Note] InnoDB: Reading tablespace information from the .ibd files...
2015-01-22 11:52:01 5108 [Note] InnoDB: Restoring possible half-written data pages 
2015-01-22 11:52:01 5108 [Note] InnoDB: from the doublewrite buffer...
2015-01-22 11:52:02 5108 [Note] InnoDB: 128 rollback segment(s) are active.
2015-01-22 11:52:02 5108 [Note] InnoDB: Waiting for purge to start
2015-01-22 11:52:02 5108 [Note] InnoDB: 5.6.21 started; log sequence number 3313988
2015-01-22 11:52:02 5108 [Note] Server hostname (bind-address): '*'; port: 3306
2015-01-22 11:52:02 5108 [Note] IPv6 is available.
2015-01-22 11:52:02 5108 [Note]   - '::' resolves to '::';
2015-01-22 11:52:02 5108 [Note] Server socket created on IP: '::'.
2015-01-22 11:52:03 5108 [Note] Event Scheduler: Loaded 0 events
2015-01-22 11:52:03 5108 [Note] c:\users\01008649\xampp\mysql\bin\mysqld.exe: ready for connections.
Version: '5.6.21'  socket: ''  port: 3306  MySQL Community Server (GPL)
2015-01-23 11:51:07 5688 [Note] Plugin 'FEDERATED' is disabled.
2015-01-23 11:51:07 1898 InnoDB: Warning: Using innodb_additional_mem_pool_size is DEPRECATED. This option may be removed in future releases, together with the option innodb_use_sys_malloc and with the InnoDB's internal memory allocator.
2015-01-23 11:51:07 5688 [Note] InnoDB: Using atomics to ref count buffer pool pages
2015-01-23 11:51:07 5688 [Note] InnoDB: The InnoDB memory heap is disabled
2015-01-23 11:51:07 5688 [Note] InnoDB: Mutexes and rw_locks use Windows interlocked functions
2015-01-23 11:51:07 5688 [Note] InnoDB: Memory barrier is not used
2015-01-23 11:51:07 5688 [Note] InnoDB: Compressed tables use zlib 1.2.3
2015-01-23 11:51:07 5688 [Note] InnoDB: Not using CPU crc32 instructions
2015-01-23 11:51:07 5688 [Note] InnoDB: Initializing buffer pool, size = 16.0M
2015-01-23 11:51:07 5688 [Note] InnoDB: Completed initialization of buffer pool
2015-01-23 11:51:08 5688 [Note] InnoDB: Highest supported file format is Barracuda.
2015-01-23 11:51:08 5688 [Note] InnoDB: The log sequence numbers 1665234 and 1665234 in ibdata files do not match the log sequence number 3315081 in the ib_logfiles!
2015-01-23 11:51:08 5688 [Note] InnoDB: Database was not shutdown normally!
2015-01-23 11:51:08 5688 [Note] InnoDB: Starting crash recovery.
2015-01-23 11:51:08 5688 [Note] InnoDB: Reading tablespace information from the .ibd files...
2015-01-23 11:51:08 5688 [Note] InnoDB: Restoring possible half-written data pages 
2015-01-23 11:51:08 5688 [Note] InnoDB: from the doublewrite buffer...
2015-01-23 11:51:09 5688 [Note] InnoDB: 128 rollback segment(s) are active.
2015-01-23 11:51:09 5688 [Note] InnoDB: Waiting for purge to start
2015-01-23 11:51:09 5688 [Note] InnoDB: 5.6.21 started; log sequence number 3315081
2015-01-23 11:51:09 5688 [Note] Server hostname (bind-address): '*'; port: 3306
2015-01-23 11:51:09 5688 [Note] IPv6 is available.
2015-01-23 11:51:09 5688 [Note]   - '::' resolves to '::';
2015-01-23 11:51:09 5688 [Note] Server socket created on IP: '::'.
2015-01-23 11:51:10 5688 [Note] Event Scheduler: Loaded 0 events
2015-01-23 11:51:10 5688 [Note] c:\users\01008649\xampp\mysql\bin\mysqld.exe: ready for connections.
Version: '5.6.21'  socket: ''  port: 3306  MySQL Community Server (GPL)
2015-01-26 11:52:36 3304 [Note] Plugin 'FEDERATED' is disabled.
2015-01-26 11:52:36 1afc InnoDB: Warning: Using innodb_additional_mem_pool_size is DEPRECATED. This option may be removed in future releases, together with the option innodb_use_sys_malloc and with the InnoDB's internal memory allocator.
2015-01-26 11:52:36 3304 [Note] InnoDB: Using atomics to ref count buffer pool pages
2015-01-26 11:52:36 3304 [Note] InnoDB: The InnoDB memory heap is disabled
2015-01-26 11:52:36 3304 [Note] InnoDB: Mutexes and rw_locks use Windows interlocked functions
2015-01-26 11:52:36 3304 [Note] InnoDB: Memory barrier is not used
2015-01-26 11:52:36 3304 [Note] InnoDB: Compressed tables use zlib 1.2.3
2015-01-26 11:52:36 3304 [Note] InnoDB: Not using CPU crc32 instructions
2015-01-26 11:52:36 3304 [Note] InnoDB: Initializing buffer pool, size = 16.0M
2015-01-26 11:52:36 3304 [Note] InnoDB: Completed initialization of buffer pool
2015-01-26 11:52:36 3304 [Note] InnoDB: Highest supported file format is Barracuda.
2015-01-26 11:52:36 3304 [Note] InnoDB: The log sequence numbers 1665234 and 1665234 in ibdata files do not match the log sequence number 3316757 in the ib_logfiles!
2015-01-26 11:52:36 3304 [Note] InnoDB: Database was not shutdown normally!
2015-01-26 11:52:36 3304 [Note] InnoDB: Starting crash recovery.
2015-01-26 11:52:36 3304 [Note] InnoDB: Reading tablespace information from the .ibd files...
2015-01-26 11:52:37 3304 [Note] InnoDB: Restoring possible half-written data pages 
2015-01-26 11:52:37 3304 [Note] InnoDB: from the doublewrite buffer...
2015-01-26 11:52:37 3304 [Note] InnoDB: 128 rollback segment(s) are active.
2015-01-26 11:52:37 3304 [Note] InnoDB: Waiting for purge to start
2015-01-26 11:52:37 3304 [Note] InnoDB: 5.6.21 started; log sequence number 3316757
2015-01-26 11:52:37 3304 [Note] Server hostname (bind-address): '*'; port: 3306
2015-01-26 11:52:37 3304 [Note] IPv6 is available.
2015-01-26 11:52:37 3304 [Note]   - '::' resolves to '::';
2015-01-26 11:52:37 3304 [Note] Server socket created on IP: '::'.
2015-01-26 11:52:38 3304 [Note] Event Scheduler: Loaded 0 events
2015-01-26 11:52:38 3304 [Note] c:\users\01008649\xampp\mysql\bin\mysqld.exe: ready for connections.
Version: '5.6.21'  socket: ''  port: 3306  MySQL Community Server (GPL)
2015-01-26 12:39:47 936 [Note] Plugin 'FEDERATED' is disabled.
2015-01-26 12:39:47 af0 InnoDB: Warning: Using innodb_additional_mem_pool_size is DEPRECATED. This option may be removed in future releases, together with the option innodb_use_sys_malloc and with the InnoDB's internal memory allocator.
2015-01-26 12:39:47 936 [Note] InnoDB: Using atomics to ref count buffer pool pages
2015-01-26 12:39:47 936 [Note] InnoDB: The InnoDB memory heap is disabled
2015-01-26 12:39:47 936 [Note] InnoDB: Mutexes and rw_locks use Windows interlocked functions
2015-01-26 12:39:47 936 [Note] InnoDB: Memory barrier is not used
2015-01-26 12:39:47 936 [Note] InnoDB: Compressed tables use zlib 1.2.3
2015-01-26 12:39:47 936 [Note] InnoDB: Not using CPU crc32 instructions
2015-01-26 12:39:47 936 [Note] InnoDB: Initializing buffer pool, size = 16.0M
2015-01-26 12:39:47 936 [Note] InnoDB: Completed initialization of buffer pool
2015-01-26 12:39:47 936 [Note] InnoDB: Highest supported file format is Barracuda.
2015-01-26 12:39:47 936 [Note] InnoDB: The log sequence numbers 1665234 and 1665234 in ibdata files do not match the log sequence number 3317195 in the ib_logfiles!
2015-01-26 12:39:47 936 [Note] InnoDB: Database was not shutdown normally!
2015-01-26 12:39:47 936 [Note] InnoDB: Starting crash recovery.
2015-01-26 12:39:47 936 [Note] InnoDB: Reading tablespace information from the .ibd files...
2015-01-26 12:39:47 936 [Note] InnoDB: Restoring possible half-written data pages 
2015-01-26 12:39:47 936 [Note] InnoDB: from the doublewrite buffer...
2015-01-26 12:39:48 936 [Note] InnoDB: 128 rollback segment(s) are active.
2015-01-26 12:39:48 936 [Note] InnoDB: Waiting for purge to start
2015-01-26 12:39:48 936 [Note] InnoDB: 5.6.21 started; log sequence number 3317195
2015-01-26 12:39:48 936 [Note] Server hostname (bind-address): '*'; port: 3306
2015-01-26 12:39:48 936 [Note] IPv6 is available.
2015-01-26 12:39:48 936 [Note]   - '::' resolves to '::';
2015-01-26 12:39:48 936 [Note] Server socket created on IP: '::'.
2015-01-26 12:39:48 936 [Note] Event Scheduler: Loaded 0 events
2015-01-26 12:39:48 936 [Note] c:\users\01008649\xampp\mysql\bin\mysqld.exe: ready for connections.
Version: '5.6.21'  socket: ''  port: 3306  MySQL Community Server (GPL)
2015-01-27 11:49:33 488 [Note] Plugin 'FEDERATED' is disabled.
2015-01-27 11:49:33 1944 InnoDB: Warning: Using innodb_additional_mem_pool_size is DEPRECATED. This option may be removed in future releases, together with the option innodb_use_sys_malloc and with the InnoDB's internal memory allocator.
2015-01-27 11:49:33 488 [Note] InnoDB: Using atomics to ref count buffer pool pages
2015-01-27 11:49:33 488 [Note] InnoDB: The InnoDB memory heap is disabled
2015-01-27 11:49:33 488 [Note] InnoDB: Mutexes and rw_locks use Windows interlocked functions
2015-01-27 11:49:33 488 [Note] InnoDB: Memory barrier is not used
2015-01-27 11:49:33 488 [Note] InnoDB: Compressed tables use zlib 1.2.3
2015-01-27 11:49:33 488 [Note] InnoDB: Not using CPU crc32 instructions
2015-01-27 11:49:33 488 [Note] InnoDB: Initializing buffer pool, size = 16.0M
2015-01-27 11:49:33 488 [Note] InnoDB: Completed initialization of buffer pool
2015-01-27 11:49:33 488 [Note] InnoDB: Highest supported file format is Barracuda.
2015-01-27 11:49:33 488 [Note] InnoDB: The log sequence numbers 1665234 and 1665234 in ibdata files do not match the log sequence number 3317205 in the ib_logfiles!
2015-01-27 11:49:33 488 [Note] InnoDB: Database was not shutdown normally!
2015-01-27 11:49:33 488 [Note] InnoDB: Starting crash recovery.
2015-01-27 11:49:33 488 [Note] InnoDB: Reading tablespace information from the .ibd files...
2015-01-27 11:49:34 488 [Note] InnoDB: Restoring possible half-written data pages 
2015-01-27 11:49:34 488 [Note] InnoDB: from the doublewrite buffer...
2015-01-27 11:49:34 488 [Note] InnoDB: 128 rollback segment(s) are active.
2015-01-27 11:49:34 488 [Note] InnoDB: Waiting for purge to start
2015-01-27 11:49:34 488 [Note] InnoDB: 5.6.21 started; log sequence number 3317205
2015-01-27 11:49:34 488 [Note] Server hostname (bind-address): '*'; port: 3306
2015-01-27 11:49:34 488 [Note] IPv6 is available.
2015-01-27 11:49:34 488 [Note]   - '::' resolves to '::';
2015-01-27 11:49:34 488 [Note] Server socket created on IP: '::'.
2015-01-27 11:49:35 488 [Note] Event Scheduler: Loaded 0 events
2015-01-27 11:49:35 488 [Note] c:\users\01008649\xampp\mysql\bin\mysqld.exe: ready for connections.
Version: '5.6.21'  socket: ''  port: 3306  MySQL Community Server (GPL)
2015-01-28 11:06:32 6744 [Note] Plugin 'FEDERATED' is disabled.
2015-01-28 11:06:32 1bd4 InnoDB: Warning: Using innodb_additional_mem_pool_size is DEPRECATED. This option may be removed in future releases, together with the option innodb_use_sys_malloc and with the InnoDB's internal memory allocator.
2015-01-28 11:06:32 6744 [Note] InnoDB: Using atomics to ref count buffer pool pages
2015-01-28 11:06:32 6744 [Note] InnoDB: The InnoDB memory heap is disabled
2015-01-28 11:06:32 6744 [Note] InnoDB: Mutexes and rw_locks use Windows interlocked functions
2015-01-28 11:06:32 6744 [Note] InnoDB: Memory barrier is not used
2015-01-28 11:06:32 6744 [Note] InnoDB: Compressed tables use zlib 1.2.3
2015-01-28 11:06:32 6744 [Note] InnoDB: Not using CPU crc32 instructions
2015-01-28 11:06:32 6744 [Note] InnoDB: Initializing buffer pool, size = 16.0M
2015-01-28 11:06:32 6744 [Note] InnoDB: Completed initialization of buffer pool
2015-01-28 11:06:32 6744 [Note] InnoDB: Highest supported file format is Barracuda.
2015-01-28 11:06:32 6744 [Note] InnoDB: The log sequence numbers 1665234 and 1665234 in ibdata files do not match the log sequence number 3320134 in the ib_logfiles!
2015-01-28 11:06:32 6744 [Note] InnoDB: Database was not shutdown normally!
2015-01-28 11:06:32 6744 [Note] InnoDB: Starting crash recovery.
2015-01-28 11:06:32 6744 [Note] InnoDB: Reading tablespace information from the .ibd files...
2015-01-28 11:06:33 6744 [Note] InnoDB: Restoring possible half-written data pages 
2015-01-28 11:06:33 6744 [Note] InnoDB: from the doublewrite buffer...
2015-01-28 11:06:33 6744 [Note] InnoDB: 128 rollback segment(s) are active.
2015-01-28 11:06:33 6744 [Note] InnoDB: Waiting for purge to start
2015-01-28 11:06:33 6744 [Note] InnoDB: 5.6.21 started; log sequence number 3320134
2015-01-28 11:06:33 6744 [Note] Server hostname (bind-address): '*'; port: 3306
2015-01-28 11:06:33 6744 [Note] IPv6 is available.
2015-01-28 11:06:33 6744 [Note]   - '::' resolves to '::';
2015-01-28 11:06:33 6744 [Note] Server socket created on IP: '::'.
2015-01-28 11:06:34 6744 [Note] Event Scheduler: Loaded 0 events
2015-01-28 11:06:34 6744 [Note] c:\users\01008649\xampp\mysql\bin\mysqld.exe: ready for connections.
Version: '5.6.21'  socket: ''  port: 3306  MySQL Community Server (GPL)
2015-01-30 11:49:33 4024 [Note] Plugin 'FEDERATED' is disabled.
2015-01-30 11:49:33 cb0 InnoDB: Warning: Using innodb_additional_mem_pool_size is DEPRECATED. This option may be removed in future releases, together with the option innodb_use_sys_malloc and with the InnoDB's internal memory allocator.
2015-01-30 11:49:33 4024 [Note] InnoDB: Using atomics to ref count buffer pool pages
2015-01-30 11:49:33 4024 [Note] InnoDB: The InnoDB memory heap is disabled
2015-01-30 11:49:33 4024 [Note] InnoDB: Mutexes and rw_locks use Windows interlocked functions
2015-01-30 11:49:33 4024 [Note] InnoDB: Memory barrier is not used
2015-01-30 11:49:33 4024 [Note] InnoDB: Compressed tables use zlib 1.2.3
2015-01-30 11:49:33 4024 [Note] InnoDB: Not using CPU crc32 instructions
2015-01-30 11:49:33 4024 [Note] InnoDB: Initializing buffer pool, size = 16.0M
2015-01-30 11:49:33 4024 [Note] InnoDB: Completed initialization of buffer pool
2015-01-30 11:49:33 4024 [Note] InnoDB: Highest supported file format is Barracuda.
2015-01-30 11:49:33 4024 [Note] InnoDB: The log sequence numbers 1665234 and 1665234 in ibdata files do not match the log sequence number 3322013 in the ib_logfiles!
2015-01-30 11:49:33 4024 [Note] InnoDB: Database was not shutdown normally!
2015-01-30 11:49:33 4024 [Note] InnoDB: Starting crash recovery.
2015-01-30 11:49:33 4024 [Note] InnoDB: Reading tablespace information from the .ibd files...
2015-01-30 11:49:34 4024 [Note] InnoDB: Restoring possible half-written data pages 
2015-01-30 11:49:34 4024 [Note] InnoDB: from the doublewrite buffer...
2015-01-30 11:49:34 4024 [Note] InnoDB: 128 rollback segment(s) are active.
2015-01-30 11:49:34 4024 [Note] InnoDB: Waiting for purge to start
2015-01-30 11:49:34 4024 [Note] InnoDB: 5.6.21 started; log sequence number 3322013
2015-01-30 11:49:34 4024 [Note] Server hostname (bind-address): '*'; port: 3306
2015-01-30 11:49:34 4024 [Note] IPv6 is available.
2015-01-30 11:49:34 4024 [Note]   - '::' resolves to '::';
2015-01-30 11:49:34 4024 [Note] Server socket created on IP: '::'.
2015-01-30 11:49:35 4024 [Note] Event Scheduler: Loaded 0 events
2015-01-30 11:49:35 4024 [Note] c:\users\01008649\xampp\mysql\bin\mysqld.exe: ready for connections.
Version: '5.6.21'  socket: ''  port: 3306  MySQL Community Server (GPL)
2015-02-02 11:49:18 5256 [Note] Plugin 'FEDERATED' is disabled.
2015-02-02 11:49:19 1adc InnoDB: Warning: Using innodb_additional_mem_pool_size is DEPRECATED. This option may be removed in future releases, together with the option innodb_use_sys_malloc and with the InnoDB's internal memory allocator.
2015-02-02 11:49:19 5256 [Note] InnoDB: Using atomics to ref count buffer pool pages
2015-02-02 11:49:19 5256 [Note] InnoDB: The InnoDB memory heap is disabled
2015-02-02 11:49:19 5256 [Note] InnoDB: Mutexes and rw_locks use Windows interlocked functions
2015-02-02 11:49:19 5256 [Note] InnoDB: Memory barrier is not used
2015-02-02 11:49:19 5256 [Note] InnoDB: Compressed tables use zlib 1.2.3
2015-02-02 11:49:19 5256 [Note] InnoDB: Not using CPU crc32 instructions
2015-02-02 11:49:19 5256 [Note] InnoDB: Initializing buffer pool, size = 16.0M
2015-02-02 11:49:19 5256 [Note] InnoDB: Completed initialization of buffer pool
2015-02-02 11:49:19 5256 [Note] InnoDB: Highest supported file format is Barracuda.
2015-02-02 11:49:19 5256 [Note] InnoDB: The log sequence numbers 1665234 and 1665234 in ibdata files do not match the log sequence number 3324099 in the ib_logfiles!
2015-02-02 11:49:19 5256 [Note] InnoDB: Database was not shutdown normally!
2015-02-02 11:49:19 5256 [Note] InnoDB: Starting crash recovery.
2015-02-02 11:49:19 5256 [Note] InnoDB: Reading tablespace information from the .ibd files...
2015-02-02 11:49:20 5256 [Note] InnoDB: Restoring possible half-written data pages 
2015-02-02 11:49:20 5256 [Note] InnoDB: from the doublewrite buffer...
2015-02-02 11:49:21 5256 [Note] InnoDB: 128 rollback segment(s) are active.
2015-02-02 11:49:21 5256 [Note] InnoDB: 5.6.21 started; log sequence number 3324099
2015-02-02 11:49:21 5256 [Note] Server hostname (bind-address): '*'; port: 3306
2015-02-02 11:49:21 5256 [Note] IPv6 is available.
2015-02-02 11:49:21 5256 [Note]   - '::' resolves to '::';
2015-02-02 11:49:21 5256 [Note] Server socket created on IP: '::'.
2015-02-02 11:49:22 5256 [Note] Event Scheduler: Loaded 0 events
2015-02-02 11:49:22 5256 [Note] c:\users\01008649\xampp\mysql\bin\mysqld.exe: ready for connections.
Version: '5.6.21'  socket: ''  port: 3306  MySQL Community Server (GPL)
2015-02-03 11:50:45 3884 [Note] Plugin 'FEDERATED' is disabled.
2015-02-03 11:50:45 d30 InnoDB: Warning: Using innodb_additional_mem_pool_size is DEPRECATED. This option may be removed in future releases, together with the option innodb_use_sys_malloc and with the InnoDB's internal memory allocator.
2015-02-03 11:50:45 3884 [Note] InnoDB: Using atomics to ref count buffer pool pages
2015-02-03 11:50:45 3884 [Note] InnoDB: The InnoDB memory heap is disabled
2015-02-03 11:50:45 3884 [Note] InnoDB: Mutexes and rw_locks use Windows interlocked functions
2015-02-03 11:50:45 3884 [Note] InnoDB: Memory barrier is not used
2015-02-03 11:50:45 3884 [Note] InnoDB: Compressed tables use zlib 1.2.3
2015-02-03 11:50:45 3884 [Note] InnoDB: Not using CPU crc32 instructions
2015-02-03 11:50:45 3884 [Note] InnoDB: Initializing buffer pool, size = 16.0M
2015-02-03 11:50:45 3884 [Note] InnoDB: Completed initialization of buffer pool
2015-02-03 11:50:46 3884 [Note] InnoDB: Highest supported file format is Barracuda.
2015-02-03 11:50:46 3884 [Note] InnoDB: The log sequence numbers 1665234 and 1665234 in ibdata files do not match the log sequence number 3324325 in the ib_logfiles!
2015-02-03 11:50:46 3884 [Note] InnoDB: Database was not shutdown normally!
2015-02-03 11:50:46 3884 [Note] InnoDB: Starting crash recovery.
2015-02-03 11:50:46 3884 [Note] InnoDB: Reading tablespace information from the .ibd files...
2015-02-03 11:50:46 3884 [Note] InnoDB: Restoring possible half-written data pages 
2015-02-03 11:50:46 3884 [Note] InnoDB: from the doublewrite buffer...
2015-02-03 11:50:46 3884 [Note] InnoDB: 128 rollback segment(s) are active.
2015-02-03 11:50:46 3884 [Note] InnoDB: Waiting for purge to start
2015-02-03 11:50:47 3884 [Note] InnoDB: 5.6.21 started; log sequence number 3324325
2015-02-03 11:50:47 3884 [Note] Server hostname (bind-address): '*'; port: 3306
2015-02-03 11:50:47 3884 [Note] IPv6 is available.
2015-02-03 11:50:47 3884 [Note]   - '::' resolves to '::';
2015-02-03 11:50:47 3884 [Note] Server socket created on IP: '::'.
2015-02-03 11:50:47 3884 [Note] Event Scheduler: Loaded 0 events
2015-02-03 11:50:47 3884 [Note] c:\users\01008649\xampp\mysql\bin\mysqld.exe: ready for connections.
Version: '5.6.21'  socket: ''  port: 3306  MySQL Community Server (GPL)
2015-02-04 11:51:17 788 [Note] Plugin 'FEDERATED' is disabled.
2015-02-04 11:51:17 db0 InnoDB: Warning: Using innodb_additional_mem_pool_size is DEPRECATED. This option may be removed in future releases, together with the option innodb_use_sys_malloc and with the InnoDB's internal memory allocator.
2015-02-04 11:51:17 788 [Note] InnoDB: Using atomics to ref count buffer pool pages
2015-02-04 11:51:17 788 [Note] InnoDB: The InnoDB memory heap is disabled
2015-02-04 11:51:17 788 [Note] InnoDB: Mutexes and rw_locks use Windows interlocked functions
2015-02-04 11:51:17 788 [Note] InnoDB: Memory barrier is not used
2015-02-04 11:51:17 788 [Note] InnoDB: Compressed tables use zlib 1.2.3
2015-02-04 11:51:17 788 [Note] InnoDB: Not using CPU crc32 instructions
2015-02-04 11:51:17 788 [Note] InnoDB: Initializing buffer pool, size = 16.0M
2015-02-04 11:51:17 788 [Note] InnoDB: Completed initialization of buffer pool
2015-02-04 11:51:17 788 [Note] InnoDB: Highest supported file format is Barracuda.
2015-02-04 11:51:18 788 [Note] InnoDB: The log sequence numbers 1665234 and 1665234 in ibdata files do not match the log sequence number 3324335 in the ib_logfiles!
2015-02-04 11:51:18 788 [Note] InnoDB: Database was not shutdown normally!
2015-02-04 11:51:18 788 [Note] InnoDB: Starting crash recovery.
2015-02-04 11:51:18 788 [Note] InnoDB: Reading tablespace information from the .ibd files...
2015-02-04 11:51:18 788 [Note] InnoDB: Restoring possible half-written data pages 
2015-02-04 11:51:18 788 [Note] InnoDB: from the doublewrite buffer...
2015-02-04 11:51:18 788 [Note] InnoDB: 128 rollback segment(s) are active.
2015-02-04 11:51:18 788 [Note] InnoDB: Waiting for purge to start
2015-02-04 11:51:18 788 [Note] InnoDB: 5.6.21 started; log sequence number 3324335
2015-02-04 11:51:18 788 [Note] Server hostname (bind-address): '*'; port: 3306
2015-02-04 11:51:18 788 [Note] IPv6 is available.
2015-02-04 11:51:18 788 [Note]   - '::' resolves to '::';
2015-02-04 11:51:18 788 [Note] Server socket created on IP: '::'.
2015-02-04 11:51:19 788 [Note] Event Scheduler: Loaded 0 events
2015-02-04 11:51:19 788 [Note] c:\users\01008649\xampp\mysql\bin\mysqld.exe: ready for connections.
Version: '5.6.21'  socket: ''  port: 3306  MySQL Community Server (GPL)
2015-02-05 11:54:56 2120 [Note] Plugin 'FEDERATED' is disabled.
2015-02-05 11:54:56 1064 InnoDB: Warning: Using innodb_additional_mem_pool_size is DEPRECATED. This option may be removed in future releases, together with the option innodb_use_sys_malloc and with the InnoDB's internal memory allocator.
2015-02-05 11:54:56 2120 [Note] InnoDB: Using atomics to ref count buffer pool pages
2015-02-05 11:54:56 2120 [Note] InnoDB: The InnoDB memory heap is disabled
2015-02-05 11:54:56 2120 [Note] InnoDB: Mutexes and rw_locks use Windows interlocked functions
2015-02-05 11:54:56 2120 [Note] InnoDB: Memory barrier is not used
2015-02-05 11:54:56 2120 [Note] InnoDB: Compressed tables use zlib 1.2.3
2015-02-05 11:54:57 2120 [Note] InnoDB: Not using CPU crc32 instructions
2015-02-05 11:54:57 2120 [Note] InnoDB: Initializing buffer pool, size = 16.0M
2015-02-05 11:54:57 2120 [Note] InnoDB: Completed initialization of buffer pool
2015-02-05 11:54:57 2120 [Note] InnoDB: Highest supported file format is Barracuda.
2015-02-05 11:54:57 2120 [Note] InnoDB: The log sequence numbers 1665234 and 1665234 in ibdata files do not match the log sequence number 3324345 in the ib_logfiles!
2015-02-05 11:54:57 2120 [Note] InnoDB: Database was not shutdown normally!
2015-02-05 11:54:57 2120 [Note] InnoDB: Starting crash recovery.
2015-02-05 11:54:57 2120 [Note] InnoDB: Reading tablespace information from the .ibd files...
2015-02-05 11:54:58 2120 [Note] InnoDB: Restoring possible half-written data pages 
2015-02-05 11:54:58 2120 [Note] InnoDB: from the doublewrite buffer...
2015-02-05 11:54:59 2120 [Note] InnoDB: 128 rollback segment(s) are active.
2015-02-05 11:54:59 2120 [Note] InnoDB: Waiting for purge to start
2015-02-05 11:54:59 2120 [Note] InnoDB: 5.6.21 started; log sequence number 3324345
2015-02-05 11:54:59 2120 [Note] Server hostname (bind-address): '*'; port: 3306
2015-02-05 11:54:59 2120 [Note] IPv6 is available.
2015-02-05 11:54:59 2120 [Note]   - '::' resolves to '::';
2015-02-05 11:54:59 2120 [Note] Server socket created on IP: '::'.
2015-02-05 11:55:01 2120 [Note] Event Scheduler: Loaded 0 events
2015-02-05 11:55:01 2120 [Note] c:\users\01008649\xampp\mysql\bin\mysqld.exe: ready for connections.
Version: '5.6.21'  socket: ''  port: 3306  MySQL Community Server (GPL)
2015-02-06 11:53:24 3668 [Note] Plugin 'FEDERATED' is disabled.
2015-02-06 11:53:24 1e4 InnoDB: Warning: Using innodb_additional_mem_pool_size is DEPRECATED. This option may be removed in future releases, together with the option innodb_use_sys_malloc and with the InnoDB's internal memory allocator.
2015-02-06 11:53:24 3668 [Note] InnoDB: Using atomics to ref count buffer pool pages
2015-02-06 11:53:24 3668 [Note] InnoDB: The InnoDB memory heap is disabled
2015-02-06 11:53:24 3668 [Note] InnoDB: Mutexes and rw_locks use Windows interlocked functions
2015-02-06 11:53:24 3668 [Note] InnoDB: Memory barrier is not used
2015-02-06 11:53:24 3668 [Note] InnoDB: Compressed tables use zlib 1.2.3
2015-02-06 11:53:24 3668 [Note] InnoDB: Not using CPU crc32 instructions
2015-02-06 11:53:24 3668 [Note] InnoDB: Initializing buffer pool, size = 16.0M
2015-02-06 11:53:24 3668 [Note] InnoDB: Completed initialization of buffer pool
2015-02-06 11:53:25 3668 [Note] InnoDB: Highest supported file format is Barracuda.
2015-02-06 11:53:25 3668 [Note] InnoDB: The log sequence numbers 1665234 and 1665234 in ibdata files do not match the log sequence number 3351640 in the ib_logfiles!
2015-02-06 11:53:25 3668 [Note] InnoDB: Database was not shutdown normally!
2015-02-06 11:53:25 3668 [Note] InnoDB: Starting crash recovery.
2015-02-06 11:53:25 3668 [Note] InnoDB: Reading tablespace information from the .ibd files...
2015-02-06 11:53:25 3668 [Note] InnoDB: Restoring possible half-written data pages 
2015-02-06 11:53:25 3668 [Note] InnoDB: from the doublewrite buffer...
2015-02-06 11:53:26 3668 [Note] InnoDB: 128 rollback segment(s) are active.
2015-02-06 11:53:26 3668 [Note] InnoDB: Waiting for purge to start
2015-02-06 11:53:26 3668 [Note] InnoDB: 5.6.21 started; log sequence number 3351640
2015-02-06 11:53:26 3668 [Note] Server hostname (bind-address): '*'; port: 3306
2015-02-06 11:53:26 3668 [Note] IPv6 is available.
2015-02-06 11:53:26 3668 [Note]   - '::' resolves to '::';
2015-02-06 11:53:26 3668 [Note] Server socket created on IP: '::'.
2015-02-06 11:53:27 3668 [Note] Event Scheduler: Loaded 0 events
2015-02-06 11:53:27 3668 [Note] c:\users\01008649\xampp\mysql\bin\mysqld.exe: ready for connections.
Version: '5.6.21'  socket: ''  port: 3306  MySQL Community Server (GPL)
2015-02-09 11:52:23 3624 [Note] Plugin 'FEDERATED' is disabled.
2015-02-09 11:52:23 10bc InnoDB: Warning: Using innodb_additional_mem_pool_size is DEPRECATED. This option may be removed in future releases, together with the option innodb_use_sys_malloc and with the InnoDB's internal memory allocator.
2015-02-09 11:52:23 3624 [Note] InnoDB: Using atomics to ref count buffer pool pages
2015-02-09 11:52:23 3624 [Note] InnoDB: The InnoDB memory heap is disabled
2015-02-09 11:52:23 3624 [Note] InnoDB: Mutexes and rw_locks use Windows interlocked functions
2015-02-09 11:52:23 3624 [Note] InnoDB: Memory barrier is not used
2015-02-09 11:52:23 3624 [Note] InnoDB: Compressed tables use zlib 1.2.3
2015-02-09 11:52:23 3624 [Note] InnoDB: Not using CPU crc32 instructions
2015-02-09 11:52:23 3624 [Note] InnoDB: Initializing buffer pool, size = 16.0M
2015-02-09 11:52:23 3624 [Note] InnoDB: Completed initialization of buffer pool
2015-02-09 11:52:23 3624 [Note] InnoDB: Highest supported file format is Barracuda.
2015-02-09 11:52:23 3624 [Note] InnoDB: The log sequence numbers 1665234 and 1665234 in ibdata files do not match the log sequence number 3351650 in the ib_logfiles!
2015-02-09 11:52:23 3624 [Note] InnoDB: Database was not shutdown normally!
2015-02-09 11:52:23 3624 [Note] InnoDB: Starting crash recovery.
2015-02-09 11:52:23 3624 [Note] InnoDB: Reading tablespace information from the .ibd files...
2015-02-09 11:52:24 3624 [Note] InnoDB: Restoring possible half-written data pages 
2015-02-09 11:52:24 3624 [Note] InnoDB: from the doublewrite buffer...
2015-02-09 11:52:25 3624 [Note] InnoDB: 128 rollback segment(s) are active.
2015-02-09 11:52:25 3624 [Note] InnoDB: Waiting for purge to start
2015-02-09 11:52:25 3624 [Note] InnoDB: 5.6.21 started; log sequence number 3351650
2015-02-09 11:52:25 3624 [Note] Server hostname (bind-address): '*'; port: 3306
2015-02-09 11:52:25 3624 [Note] IPv6 is available.
2015-02-09 11:52:25 3624 [Note]   - '::' resolves to '::';
2015-02-09 11:52:25 3624 [Note] Server socket created on IP: '::'.
2015-02-09 11:52:26 3624 [Note] Event Scheduler: Loaded 0 events
2015-02-09 11:52:26 3624 [Note] c:\users\01008649\xampp\mysql\bin\mysqld.exe: ready for connections.
Version: '5.6.21'  socket: ''  port: 3306  MySQL Community Server (GPL)
2015-02-09 12:41:16 4712 [Note] Plugin 'FEDERATED' is disabled.
2015-02-09 12:41:16 15d4 InnoDB: Warning: Using innodb_additional_mem_pool_size is DEPRECATED. This option may be removed in future releases, together with the option innodb_use_sys_malloc and with the InnoDB's internal memory allocator.
2015-02-09 12:41:16 4712 [Note] InnoDB: Using atomics to ref count buffer pool pages
2015-02-09 12:41:16 4712 [Note] InnoDB: The InnoDB memory heap is disabled
2015-02-09 12:41:16 4712 [Note] InnoDB: Mutexes and rw_locks use Windows interlocked functions
2015-02-09 12:41:16 4712 [Note] InnoDB: Memory barrier is not used
2015-02-09 12:41:16 4712 [Note] InnoDB: Compressed tables use zlib 1.2.3
2015-02-09 12:41:16 4712 [Note] InnoDB: Not using CPU crc32 instructions
2015-02-09 12:41:16 4712 [Note] InnoDB: Initializing buffer pool, size = 16.0M
2015-02-09 12:41:16 4712 [Note] InnoDB: Completed initialization of buffer pool
2015-02-09 12:41:16 4712 [Note] InnoDB: Highest supported file format is Barracuda.
2015-02-09 12:41:16 4712 [Note] InnoDB: The log sequence numbers 1665234 and 1665234 in ibdata files do not match the log sequence number 3351660 in the ib_logfiles!
2015-02-09 12:41:16 4712 [Note] InnoDB: Database was not shutdown normally!
2015-02-09 12:41:16 4712 [Note] InnoDB: Starting crash recovery.
2015-02-09 12:41:16 4712 [Note] InnoDB: Reading tablespace information from the .ibd files...
2015-02-09 12:41:16 4712 [Note] InnoDB: Restoring possible half-written data pages 
2015-02-09 12:41:16 4712 [Note] InnoDB: from the doublewrite buffer...
2015-02-09 12:41:16 4712 [Note] InnoDB: 128 rollback segment(s) are active.
2015-02-09 12:41:16 4712 [Note] InnoDB: Waiting for purge to start
2015-02-09 12:41:16 4712 [Note] InnoDB: 5.6.21 started; log sequence number 3351660
2015-02-09 12:41:16 4712 [Note] Server hostname (bind-address): '*'; port: 3306
2015-02-09 12:41:16 4712 [Note] IPv6 is available.
2015-02-09 12:41:16 4712 [Note]   - '::' resolves to '::';
2015-02-09 12:41:16 4712 [Note] Server socket created on IP: '::'.
2015-02-09 12:41:16 4712 [Note] Event Scheduler: Loaded 0 events
2015-02-09 12:41:16 4712 [Note] c:\users\01008649\xampp\mysql\bin\mysqld.exe: ready for connections.
Version: '5.6.21'  socket: ''  port: 3306  MySQL Community Server (GPL)
2015-02-10 11:51:24 4984 [Note] Plugin 'FEDERATED' is disabled.
2015-02-10 11:51:25 1648 InnoDB: Warning: Using innodb_additional_mem_pool_size is DEPRECATED. This option may be removed in future releases, together with the option innodb_use_sys_malloc and with the InnoDB's internal memory allocator.
2015-02-10 11:51:25 4984 [Note] InnoDB: Using atomics to ref count buffer pool pages
2015-02-10 11:51:25 4984 [Note] InnoDB: The InnoDB memory heap is disabled
2015-02-10 11:51:25 4984 [Note] InnoDB: Mutexes and rw_locks use Windows interlocked functions
2015-02-10 11:51:25 4984 [Note] InnoDB: Memory barrier is not used
2015-02-10 11:51:25 4984 [Note] InnoDB: Compressed tables use zlib 1.2.3
2015-02-10 11:51:25 4984 [Note] InnoDB: Not using CPU crc32 instructions
2015-02-10 11:51:25 4984 [Note] InnoDB: Initializing buffer pool, size = 16.0M
2015-02-10 11:51:25 4984 [Note] InnoDB: Completed initialization of buffer pool
2015-02-10 11:51:26 4984 [Note] InnoDB: Highest supported file format is Barracuda.
2015-02-10 11:51:26 4984 [Note] InnoDB: The log sequence numbers 1665234 and 1665234 in ibdata files do not match the log sequence number 3351670 in the ib_logfiles!
2015-02-10 11:51:26 4984 [Note] InnoDB: Database was not shutdown normally!
2015-02-10 11:51:26 4984 [Note] InnoDB: Starting crash recovery.
2015-02-10 11:51:26 4984 [Note] InnoDB: Reading tablespace information from the .ibd files...
2015-02-10 11:51:27 4984 [Note] InnoDB: Restoring possible half-written data pages 
2015-02-10 11:51:27 4984 [Note] InnoDB: from the doublewrite buffer...
2015-02-10 11:51:28 4984 [Note] InnoDB: 128 rollback segment(s) are active.
2015-02-10 11:51:28 4984 [Note] InnoDB: Waiting for purge to start
2015-02-10 11:51:28 4984 [Note] InnoDB: 5.6.21 started; log sequence number 3351670
2015-02-10 11:51:28 4984 [Note] Server hostname (bind-address): '*'; port: 3306
2015-02-10 11:51:28 4984 [Note] IPv6 is available.
2015-02-10 11:51:28 4984 [Note]   - '::' resolves to '::';
2015-02-10 11:51:28 4984 [Note] Server socket created on IP: '::'.
2015-02-10 11:51:31 4984 [Note] Event Scheduler: Loaded 0 events
2015-02-10 11:51:31 4984 [Note] c:\users\01008649\xampp\mysql\bin\mysqld.exe: ready for connections.
Version: '5.6.21'  socket: ''  port: 3306  MySQL Community Server (GPL)
2015-02-11 11:07:06 6784 [Note] Plugin 'FEDERATED' is disabled.
2015-02-11 11:07:06 1110 InnoDB: Warning: Using innodb_additional_mem_pool_size is DEPRECATED. This option may be removed in future releases, together with the option innodb_use_sys_malloc and with the InnoDB's internal memory allocator.
2015-02-11 11:07:06 6784 [Note] InnoDB: Using atomics to ref count buffer pool pages
2015-02-11 11:07:06 6784 [Note] InnoDB: The InnoDB memory heap is disabled
2015-02-11 11:07:06 6784 [Note] InnoDB: Mutexes and rw_locks use Windows interlocked functions
2015-02-11 11:07:06 6784 [Note] InnoDB: Memory barrier is not used
2015-02-11 11:07:06 6784 [Note] InnoDB: Compressed tables use zlib 1.2.3
2015-02-11 11:07:06 6784 [Note] InnoDB: Not using CPU crc32 instructions
2015-02-11 11:07:06 6784 [Note] InnoDB: Initializing buffer pool, size = 16.0M
2015-02-11 11:07:06 6784 [Note] InnoDB: Completed initialization of buffer pool
2015-02-11 11:07:06 6784 [Note] InnoDB: Highest supported file format is Barracuda.
2015-02-11 11:07:06 6784 [Note] InnoDB: The log sequence numbers 1665234 and 1665234 in ibdata files do not match the log sequence number 3352160 in the ib_logfiles!
2015-02-11 11:07:06 6784 [Note] InnoDB: Database was not shutdown normally!
2015-02-11 11:07:06 6784 [Note] InnoDB: Starting crash recovery.
2015-02-11 11:07:06 6784 [Note] InnoDB: Reading tablespace information from the .ibd files...
2015-02-11 11:07:08 6784 [Note] InnoDB: Restoring possible half-written data pages 
2015-02-11 11:07:08 6784 [Note] InnoDB: from the doublewrite buffer...
2015-02-11 11:12:11 4748 [Note] Plugin 'FEDERATED' is disabled.
2015-02-11 11:12:12 1158 InnoDB: Warning: Using innodb_additional_mem_pool_size is DEPRECATED. This option may be removed in future releases, together with the option innodb_use_sys_malloc and with the InnoDB's internal memory allocator.
2015-02-11 11:12:12 4748 [Note] InnoDB: Using atomics to ref count buffer pool pages
2015-02-11 11:12:12 4748 [Note] InnoDB: The InnoDB memory heap is disabled
2015-02-11 11:12:12 4748 [Note] InnoDB: Mutexes and rw_locks use Windows interlocked functions
2015-02-11 11:12:12 4748 [Note] InnoDB: Memory barrier is not used
2015-02-11 11:12:12 4748 [Note] InnoDB: Compressed tables use zlib 1.2.3
2015-02-11 11:12:12 4748 [Note] InnoDB: Not using CPU crc32 instructions
2015-02-11 11:12:12 4748 [Note] InnoDB: Initializing buffer pool, size = 16.0M
2015-02-11 11:12:12 4748 [Note] InnoDB: Completed initialization of buffer pool
2015-02-11 11:12:12 4748 [Note] InnoDB: Highest supported file format is Barracuda.
2015-02-11 11:12:12 4748 [Note] InnoDB: The log sequence numbers 1665234 and 1665234 in ibdata files do not match the log sequence number 3352160 in the ib_logfiles!
2015-02-11 11:12:12 4748 [Note] InnoDB: Database was not shutdown normally!
2015-02-11 11:12:12 4748 [Note] InnoDB: Starting crash recovery.
2015-02-11 11:12:12 4748 [Note] InnoDB: Reading tablespace information from the .ibd files...
2015-02-11 11:12:12 4748 [Note] InnoDB: Restoring possible half-written data pages 
2015-02-11 11:12:12 4748 [Note] InnoDB: from the doublewrite buffer...
2015-02-11 11:12:23 4748 [Note] InnoDB: 128 rollback segment(s) are active.
2015-02-11 11:12:23 4748 [Note] InnoDB: Waiting for purge to start
2015-02-11 11:12:23 4748 [Note] InnoDB: 5.6.21 started; log sequence number 3352160
2015-02-11 11:12:23 4748 [Note] Server hostname (bind-address): '*'; port: 3306
2015-02-11 11:12:23 4748 [Note] IPv6 is available.
2015-02-11 11:12:23 4748 [Note]   - '::' resolves to '::';
2015-02-11 11:12:23 4748 [Note] Server socket created on IP: '::'.
2015-02-11 11:12:25 4748 [Note] Event Scheduler: Loaded 0 events
2015-02-11 11:12:25 4748 [Note] c:\users\01008649\xampp\mysql\bin\mysqld.exe: ready for connections.
Version: '5.6.21'  socket: ''  port: 3306  MySQL Community Server (GPL)
2015-02-13 11:51:32 2752 [Note] Plugin 'FEDERATED' is disabled.
2015-02-13 11:51:32 106c InnoDB: Warning: Using innodb_additional_mem_pool_size is DEPRECATED. This option may be removed in future releases, together with the option innodb_use_sys_malloc and with the InnoDB's internal memory allocator.
2015-02-13 11:51:32 2752 [Note] InnoDB: Using atomics to ref count buffer pool pages
2015-02-13 11:51:32 2752 [Note] InnoDB: The InnoDB memory heap is disabled
2015-02-13 11:51:32 2752 [Note] InnoDB: Mutexes and rw_locks use Windows interlocked functions
2015-02-13 11:51:32 2752 [Note] InnoDB: Memory barrier is not used
2015-02-13 11:51:32 2752 [Note] InnoDB: Compressed tables use zlib 1.2.3
2015-02-13 11:51:32 2752 [Note] InnoDB: Not using CPU crc32 instructions
2015-02-13 11:51:32 2752 [Note] InnoDB: Initializing buffer pool, size = 16.0M
2015-02-13 11:51:32 2752 [Note] InnoDB: Completed initialization of buffer pool
2015-02-13 11:51:32 2752 [Note] InnoDB: Highest supported file format is Barracuda.
2015-02-13 11:51:32 2752 [Note] InnoDB: The log sequence numbers 1665234 and 1665234 in ibdata files do not match the log sequence number 3352170 in the ib_logfiles!
2015-02-13 11:51:32 2752 [Note] InnoDB: Database was not shutdown normally!
2015-02-13 11:51:32 2752 [Note] InnoDB: Starting crash recovery.
2015-02-13 11:51:32 2752 [Note] InnoDB: Reading tablespace information from the .ibd files...
2015-02-13 11:51:33 2752 [Note] InnoDB: Restoring possible half-written data pages 
2015-02-13 11:51:33 2752 [Note] InnoDB: from the doublewrite buffer...
2015-02-13 11:51:34 2752 [Note] InnoDB: 128 rollback segment(s) are active.
2015-02-13 11:51:34 2752 [Note] InnoDB: Waiting for purge to start
2015-02-13 11:51:34 2752 [Note] InnoDB: 5.6.21 started; log sequence number 3352170
2015-02-13 11:51:34 2752 [Note] Server hostname (bind-address): '*'; port: 3306
2015-02-13 11:51:34 2752 [Note] IPv6 is available.
2015-02-13 11:51:34 2752 [Note]   - '::' resolves to '::';
2015-02-13 11:51:34 2752 [Note] Server socket created on IP: '::'.
2015-02-13 11:51:36 2752 [Note] Event Scheduler: Loaded 0 events
2015-02-13 11:51:36 2752 [Note] c:\users\01008649\xampp\mysql\bin\mysqld.exe: ready for connections.
Version: '5.6.21'  socket: ''  port: 3306  MySQL Community Server (GPL)
2015-02-16 11:50:08 3608 [Note] Plugin 'FEDERATED' is disabled.
2015-02-16 11:50:08 3f4 InnoDB: Warning: Using innodb_additional_mem_pool_size is DEPRECATED. This option may be removed in future releases, together with the option innodb_use_sys_malloc and with the InnoDB's internal memory allocator.
2015-02-16 11:50:08 3608 [Note] InnoDB: Using atomics to ref count buffer pool pages
2015-02-16 11:50:08 3608 [Note] InnoDB: The InnoDB memory heap is disabled
2015-02-16 11:50:08 3608 [Note] InnoDB: Mutexes and rw_locks use Windows interlocked functions
2015-02-16 11:50:08 3608 [Note] InnoDB: Memory barrier is not used
2015-02-16 11:50:08 3608 [Note] InnoDB: Compressed tables use zlib 1.2.3
2015-02-16 11:50:08 3608 [Note] InnoDB: Not using CPU crc32 instructions
2015-02-16 11:50:08 3608 [Note] InnoDB: Initializing buffer pool, size = 16.0M
2015-02-16 11:50:08 3608 [Note] InnoDB: Completed initialization of buffer pool
2015-02-16 11:50:08 3608 [Note] InnoDB: Highest supported file format is Barracuda.
2015-02-16 11:50:08 3608 [Note] InnoDB: The log sequence numbers 1665234 and 1665234 in ibdata files do not match the log sequence number 3352453 in the ib_logfiles!
2015-02-16 11:50:08 3608 [Note] InnoDB: Database was not shutdown normally!
2015-02-16 11:50:08 3608 [Note] InnoDB: Starting crash recovery.
2015-02-16 11:50:08 3608 [Note] InnoDB: Reading tablespace information from the .ibd files...
2015-02-16 11:50:10 3608 [Note] InnoDB: Restoring possible half-written data pages 
2015-02-16 11:50:10 3608 [Note] InnoDB: from the doublewrite buffer...
2015-02-16 11:50:10 3608 [Note] InnoDB: 128 rollback segment(s) are active.
2015-02-16 11:50:10 3608 [Note] InnoDB: Waiting for purge to start
2015-02-16 11:50:10 3608 [Note] InnoDB: 5.6.21 started; log sequence number 3352453
2015-02-16 11:50:10 3608 [Note] Server hostname (bind-address): '*'; port: 3306
2015-02-16 11:50:10 3608 [Note] IPv6 is available.
2015-02-16 11:50:10 3608 [Note]   - '::' resolves to '::';
2015-02-16 11:50:10 3608 [Note] Server socket created on IP: '::'.
2015-02-16 11:50:11 3608 [Note] Event Scheduler: Loaded 0 events
2015-02-16 11:50:11 3608 [Note] c:\users\01008649\xampp\mysql\bin\mysqld.exe: ready for connections.
Version: '5.6.21'  socket: ''  port: 3306  MySQL Community Server (GPL)
2015-02-17 11:49:04 6392 [Note] Plugin 'FEDERATED' is disabled.
2015-02-17 11:49:04 204 InnoDB: Warning: Using innodb_additional_mem_pool_size is DEPRECATED. This option may be removed in future releases, together with the option innodb_use_sys_malloc and with the InnoDB's internal memory allocator.
2015-02-17 11:49:04 6392 [Note] InnoDB: Using atomics to ref count buffer pool pages
2015-02-17 11:49:04 6392 [Note] InnoDB: The InnoDB memory heap is disabled
2015-02-17 11:49:04 6392 [Note] InnoDB: Mutexes and rw_locks use Windows interlocked functions
2015-02-17 11:49:04 6392 [Note] InnoDB: Memory barrier is not used
2015-02-17 11:49:04 6392 [Note] InnoDB: Compressed tables use zlib 1.2.3
2015-02-17 11:49:04 6392 [Note] InnoDB: Not using CPU crc32 instructions
2015-02-17 11:49:04 6392 [Note] InnoDB: Initializing buffer pool, size = 16.0M
2015-02-17 11:49:04 6392 [Note] InnoDB: Completed initialization of buffer pool
2015-02-17 11:49:05 6392 [Note] InnoDB: Highest supported file format is Barracuda.
2015-02-17 11:49:05 6392 [Note] InnoDB: The log sequence numbers 1665234 and 1665234 in ibdata files do not match the log sequence number 3352463 in the ib_logfiles!
2015-02-17 11:49:05 6392 [Note] InnoDB: Database was not shutdown normally!
2015-02-17 11:49:05 6392 [Note] InnoDB: Starting crash recovery.
2015-02-17 11:49:05 6392 [Note] InnoDB: Reading tablespace information from the .ibd files...
2015-02-17 11:49:05 6392 [Note] InnoDB: Restoring possible half-written data pages 
2015-02-17 11:49:05 6392 [Note] InnoDB: from the doublewrite buffer...
2015-02-17 11:49:06 6392 [Note] InnoDB: 128 rollback segment(s) are active.
2015-02-17 11:49:06 6392 [Note] InnoDB: Waiting for purge to start
2015-02-17 11:49:06 6392 [Note] InnoDB: 5.6.21 started; log sequence number 3352463
2015-02-17 11:49:06 6392 [Note] Server hostname (bind-address): '*'; port: 3306
2015-02-17 11:49:06 6392 [Note] IPv6 is available.
2015-02-17 11:49:06 6392 [Note]   - '::' resolves to '::';
2015-02-17 11:49:06 6392 [Note] Server socket created on IP: '::'.
2015-02-17 11:49:07 6392 [Note] Event Scheduler: Loaded 0 events
2015-02-17 11:49:07 6392 [Note] c:\users\01008649\xampp\mysql\bin\mysqld.exe: ready for connections.
Version: '5.6.21'  socket: ''  port: 3306  MySQL Community Server (GPL)
2015-02-18 11:08:25 6652 [Note] Plugin 'FEDERATED' is disabled.
2015-02-18 11:08:26 12d0 InnoDB: Warning: Using innodb_additional_mem_pool_size is DEPRECATED. This option may be removed in future releases, together with the option innodb_use_sys_malloc and with the InnoDB's internal memory allocator.
2015-02-18 11:08:26 6652 [Note] InnoDB: Using atomics to ref count buffer pool pages
2015-02-18 11:08:26 6652 [Note] InnoDB: The InnoDB memory heap is disabled
2015-02-18 11:08:26 6652 [Note] InnoDB: Mutexes and rw_locks use Windows interlocked functions
2015-02-18 11:08:26 6652 [Note] InnoDB: Memory barrier is not used
2015-02-18 11:08:26 6652 [Note] InnoDB: Compressed tables use zlib 1.2.3
2015-02-18 11:08:26 6652 [Note] InnoDB: Not using CPU crc32 instructions
2015-02-18 11:08:26 6652 [Note] InnoDB: Initializing buffer pool, size = 16.0M
2015-02-18 11:08:26 6652 [Note] InnoDB: Completed initialization of buffer pool
2015-02-18 11:08:26 6652 [Note] InnoDB: Highest supported file format is Barracuda.
2015-02-18 11:08:26 6652 [Note] InnoDB: The log sequence numbers 1665234 and 1665234 in ibdata files do not match the log sequence number 3353752 in the ib_logfiles!
2015-02-18 11:08:26 6652 [Note] InnoDB: Database was not shutdown normally!
2015-02-18 11:08:26 6652 [Note] InnoDB: Starting crash recovery.
2015-02-18 11:08:26 6652 [Note] InnoDB: Reading tablespace information from the .ibd files...
2015-02-18 11:08:28 6652 [Note] InnoDB: Restoring possible half-written data pages 
2015-02-18 11:08:28 6652 [Note] InnoDB: from the doublewrite buffer...
2015-02-18 11:08:29 6652 [Note] InnoDB: 128 rollback segment(s) are active.
2015-02-18 11:08:29 6652 [Note] InnoDB: Waiting for purge to start
2015-02-18 11:08:29 6652 [Note] InnoDB: 5.6.21 started; log sequence number 3353752
2015-02-18 11:08:29 6652 [Note] Server hostname (bind-address): '*'; port: 3306
2015-02-18 11:08:29 6652 [Note] IPv6 is available.
2015-02-18 11:08:29 6652 [Note]   - '::' resolves to '::';
2015-02-18 11:08:29 6652 [Note] Server socket created on IP: '::'.
2015-02-18 11:08:33 6652 [Note] Event Scheduler: Loaded 0 events
2015-02-18 11:08:33 6652 [Note] c:\users\01008649\xampp\mysql\bin\mysqld.exe: ready for connections.
Version: '5.6.21'  socket: ''  port: 3306  MySQL Community Server (GPL)
2015-02-18 12:20:52 5468 [Note] Plugin 'FEDERATED' is disabled.
2015-02-18 12:20:52 e20 InnoDB: Warning: Using innodb_additional_mem_pool_size is DEPRECATED. This option may be removed in future releases, together with the option innodb_use_sys_malloc and with the InnoDB's internal memory allocator.
2015-02-18 12:20:52 5468 [Note] InnoDB: Using atomics to ref count buffer pool pages
2015-02-18 12:20:52 5468 [Note] InnoDB: The InnoDB memory heap is disabled
2015-02-18 12:20:52 5468 [Note] InnoDB: Mutexes and rw_locks use Windows interlocked functions
2015-02-18 12:20:52 5468 [Note] InnoDB: Memory barrier is not used
2015-02-18 12:20:52 5468 [Note] InnoDB: Compressed tables use zlib 1.2.3
2015-02-18 12:20:52 5468 [Note] InnoDB: Not using CPU crc32 instructions
2015-02-18 12:20:52 5468 [Note] InnoDB: Initializing buffer pool, size = 16.0M
2015-02-18 12:20:52 5468 [Note] InnoDB: Completed initialization of buffer pool
2015-02-18 12:20:52 5468 [Note] InnoDB: Highest supported file format is Barracuda.
2015-02-18 12:20:52 5468 [Note] InnoDB: The log sequence numbers 1665234 and 1665234 in ibdata files do not match the log sequence number 3353762 in the ib_logfiles!
2015-02-18 12:20:52 5468 [Note] InnoDB: Database was not shutdown normally!
2015-02-18 12:20:52 5468 [Note] InnoDB: Starting crash recovery.
2015-02-18 12:20:52 5468 [Note] InnoDB: Reading tablespace information from the .ibd files...
2015-02-18 12:20:52 5468 [Note] InnoDB: Restoring possible half-written data pages 
2015-02-18 12:20:52 5468 [Note] InnoDB: from the doublewrite buffer...
2015-02-18 12:20:54 5468 [Note] InnoDB: 128 rollback segment(s) are active.
2015-02-18 12:20:54 5468 [Note] InnoDB: Waiting for purge to start
2015-02-18 12:20:54 5468 [Note] InnoDB: 5.6.21 started; log sequence number 3353762
2015-02-18 12:20:55 5468 [Note] Server hostname (bind-address): '*'; port: 3306
2015-02-18 12:20:55 5468 [Note] IPv6 is available.
2015-02-18 12:20:55 5468 [Note]   - '::' resolves to '::';
2015-02-18 12:20:55 5468 [Note] Server socket created on IP: '::'.
2015-02-18 12:20:55 5468 [Note] Event Scheduler: Loaded 0 events
2015-02-18 12:20:55 5468 [Note] c:\users\01008945\xampp\mysql\bin\mysqld.exe: ready for connections.
Version: '5.6.21'  socket: ''  port: 3306  MySQL Community Server (GPL)
2015-02-23 12:06:55 5748 [Note] Plugin 'FEDERATED' is disabled.
2015-02-23 12:06:58 1a90 InnoDB: Warning: Using innodb_additional_mem_pool_size is DEPRECATED. This option may be removed in future releases, together with the option innodb_use_sys_malloc and with the InnoDB's internal memory allocator.
2015-02-23 12:06:58 5748 [Note] InnoDB: Using atomics to ref count buffer pool pages
2015-02-23 12:06:58 5748 [Note] InnoDB: The InnoDB memory heap is disabled
2015-02-23 12:06:58 5748 [Note] InnoDB: Mutexes and rw_locks use Windows interlocked functions
2015-02-23 12:06:58 5748 [Note] InnoDB: Memory barrier is not used
2015-02-23 12:06:58 5748 [Note] InnoDB: Compressed tables use zlib 1.2.3
2015-02-23 12:06:59 5748 [Note] InnoDB: Not using CPU crc32 instructions
2015-02-23 12:06:59 5748 [Note] InnoDB: Initializing buffer pool, size = 16.0M
2015-02-23 12:07:00 5748 [Note] InnoDB: Completed initialization of buffer pool
2015-02-23 12:07:02 5748 [Note] InnoDB: Highest supported file format is Barracuda.
2015-02-23 12:07:02 5748 [Note] InnoDB: The log sequence numbers 1665234 and 1665234 in ibdata files do not match the log sequence number 3362779 in the ib_logfiles!
2015-02-23 12:07:03 5748 [Note] InnoDB: Database was not shutdown normally!
2015-02-23 12:07:03 5748 [Note] InnoDB: Starting crash recovery.
2015-02-23 12:07:03 5748 [Note] InnoDB: Reading tablespace information from the .ibd files...
2015-02-23 12:07:06 5748 [Note] InnoDB: Restoring possible half-written data pages 
2015-02-23 12:07:06 5748 [Note] InnoDB: from the doublewrite buffer...
2015-02-23 12:07:07 5748 [Note] InnoDB: 128 rollback segment(s) are active.
2015-02-23 12:07:07 5748 [Note] InnoDB: Waiting for purge to start
2015-02-23 12:07:07 5748 [Note] InnoDB: 5.6.21 started; log sequence number 3362779
2015-02-23 12:07:07 5748 [Note] Server hostname (bind-address): '*'; port: 3306
2015-02-23 12:07:07 5748 [Note] IPv6 is available.
2015-02-23 12:07:07 5748 [Note]   - '::' resolves to '::';
2015-02-23 12:07:07 5748 [Note] Server socket created on IP: '::'.
2015-02-23 12:07:10 5748 [Note] Event Scheduler: Loaded 0 events
2015-02-23 12:07:10 5748 [Note] c:\users\01008945\xampp\mysql\bin\mysqld.exe: ready for connections.
Version: '5.6.21'  socket: ''  port: 3306  MySQL Community Server (GPL)
2015--03004-01:011:05:56 3252 [Notluginugin 'FETED' is dis disa.
ed.
2215150--04 11:06:00 dbc1a 8I InnoDB: Warning: Using innodb_additional_m_pool_sl_sizis DEPDRECATED. . This option may be removed in fute releases, , together with the option innodb_se_sys_malloc and with the InnoDB's internal memory allocator.r
.
2015-03-04 11:06:00 3660 [Note] InnoDB: Using atomics to ref count buffer pool pages
2015-03-04 11:06:00 3252 [Not2] InnoDB:04 11:06:00  memor[Note] InnoDB: The I
nnoDB memory heap is disabled
2015-03-04 11:06:00 3252 [Note] InnoDB: Mutexes and rw_locks use Windows2in01rlock-ed f1unctio 366
0 [Note] InnoDB: Mutexes and rw_locks use Windows interlocked functions
4 11:06:00 3252 [Note] InnoDB: Memory barrier is not used
22015-03-04 11:06:00 3252 [Note] InnoDB: Compressed tables use zlib 1.2.3
015-03-04 11:06:00 3660 [Note] InnoDB: Memory barrier is not used
2015-03-04 11:06:00 3660 [Note] InnoDB: Compressed tables use zlib 1.2.3
20115-03-0 11:06:01 3252 [No4 ] InnoDB: 3660 [Note] InnoDB: Nostructions
 crc32 instructions
2215-153-03-04 11:06:01 3660 [Note] InB: Initialiiinizing buffor posize = 16.0M
6.0M
2215-03-03- 11:06:6:01 3252 [Note] InnoDB: Completed initiazation of buffeffer po
ol
2015-03-04 11:06:01 3660 [ERROR] InnoDB: \Users\01008945\xampp\mysql\data\ibdata1 can't be opened in read-write mode
2015-03-04 11:06:01 3660 [ERROR] InnoDB: The system tablespace must be writable!
2015-03-04 11:06:01 3660 [ERROR] Plugin 'InnoDB' init function returned error.
2015-03-04 11:06:01 3660 [ERROR] Plugin 'InnoDB' registration as a STORAGE ENGINE failed.
2015-03-04 11:06:02 3660 [ERROR] Unknown/unsupported storage engine: InnoDB
2015-03-04 11:06:02 3660 [ERROR] Aborting

2015-03-04 11:06:02 3660 [Note] Binlog end
2015-03-04 11:06:02 3660 [Note] Shutting down plugin 'partition'
2015-03-04 11:06:02 3660 [Note] Shutting down plugin 'PERFORMANCE_SCHEMA'
2015-03-04 11:06:02 3660 [Note] Shutting down plugin 'INNODB_SYS_DATAFILES'
2015-03-04 11:06:02 3660 [Note] Shutting down plugin 'INNODB_SYS_TABLESPACES'
2015-03-04 11:06:02 3660 [Note] Shutting down plugin 'INNODB_SYS_FOREIGN_COLS'
2015-03-04 11:06:02 3660 [Note] Shutting down plugin 'INNODB_SYS_FOREIGN'
2015-03-04 11:06:02 3660 [Note] Shutting down plugin 'INNODB_SYS_FIELDS'
2015-03-04 11:06:02 3660 [Note] Shutting down plugin 'INNODB_SYS_COLUMNS'
2015-03-04 11:06:02 3660 [Note] Shutting down plugin 'INNODB_SYS_INDEXES'
2015-03-04 11:06:02 3660 [Note] Shutting down plugin 'INNODB_SYS_TABLESTATS'
2015-03-04 11:06:02 3660 [Note] Shutting down plugin 'INNODB_SYS_TABLES'
2015-03-04 11:06:02 3660 [Note] Shutting down plugin 'INNODB_FT_INDEX_TABLE'
2015-03-04 11:06:02 3660 [Note] Shutting down plugin 'INNODB_FT_INDEX_CACHE'
2015-03-04 11:06:02 3660 [Note] Shutting down plugin 'INNODB_FT_CONFIG'
2015-03-04 11:06:02 3660 [Note] Shutting down plugin 'INNODB_FT_BEING_DELETED'
2015-03-04 11:06:02 3660 [Note] Shutting down plugin 'INNODB_FT_DELETED'
2015-03-04 11:06:02 3660 [Note] Shutting down plugin 'INNODB_FT_DEFAULT_STOPWORD'
2015-03-04 11:06:02 3660 [Note] Shutting down plugin 'INNODB_METRICS'
2015-03-04 11:06:02 3660 [Note] Shutting down plugin 'INNODB_BUFFER_POOL_STATS'
2015-03-04 11:06:02 3660 [Note] Shutting down plugin 'INNODB_BUFFER_PAGE_LRU'
2015-03-04 11:06:02 3660 [Note] Shutting down plugin 'INNODB_BUFFER_PAGE'
2015-03-04 11:06:02 3660 [Note] Shutting down plugin 'INNODB_CMP_PER_INDEX_RESET'
2015-03-04 11:06:02 3660 [Note] Shutting down plugin 'INNODB_CMP_PER_INDEX'
2015-03-04 11:06:02 3660 [Note] Shutting down plugin 'INNODB_CMPMEM_RESET'
2015-03-04 11:06:02 3660 [Note] Shutting down plugin 'INNODB_CMPMEM'
2015-03-04 11:06:02 3660 [Note] Shutting down plugin 'INNODB_CMP_RESET'
2015-03-04 11:06:02 3660 [Note] Shutting down plugin 'INNODB_CMP'
2015-03-04 11:06:02 3660 [Note] Shutting down plugin 'INNODB_LOCK_WAITS'
2015-03-04 11:06:02 3660 [Note] Shutting down plugin 'INNODB_LOCKS'
2015-03-04 11:06:02 3660 [Note] Shutting down plugin 'INNODB_TRX'
2015-03-04 11:06:02 3660 [Note] Shutting down plugin 'BLACKHOLE'
2015-03-04 11:06:02 3660 [Note] Shutting down plugin 'ARCHIVE'
2015-03-04 11:06:02 3660 [Note] Shutting down plugin 'MRG_MYISAM'
2015-03-04 11:06:02 3660 [Note] Shutting down plugin 'MyISAM'
2015-03-04 11:06:02 3660 [Note] Shutting down plugin 'MEMORY'
2015-03-04 11:06:02 3660 [Note] Shutting down plugin 'CSV'
2015-03-04 11:06:02 3660 [Note] Shutting down plugin 'sha256_password'
2015-03-04 11:06:02 3660 [Note] Shutting down plugin 'mysql_old_password'
2015-03-04 11:06:02 3660 [Note] Shutting down plugin 'mysql_native_password'
2015-03-04 11:06:02 3660 [Note] Shutting down plugin 'binlog'
2015-03-04 11:06:02 3660 [Note] c:\users\01008945\xampp\mysql\bin\mysqld.exe: Shutdown complete

2015-03-04 11:06:02 3252 [Note] InnoDB: Highest supported file format is Barracuda.
2015-03-04 11:06:02 3252 [Note] InnoDB: The log sequence numbers 1665234 and 1665234 in ibdata files do not match the log sequence number 3450217 in the ib_logfiles!
2015-03-04 11:06:02 3252 [Note] InnoDB: Database was not shutdown normally!
2015-03-04 11:06:02 3252 [Note] InnoDB: Starting crash recovery.
2015-03-04 11:06:02 3252 [Note] InnoDB: Reading tablespace information from the .ibd files...
2015-03-04 11:06:05 3252 [Note] InnoDB: Restoring possible half-written data pages 
2015-03-04 11:06:05 3252 [Note] InnoDB: from the doublewrite buffer...
2015-03-04 11:06:08 3252 [Note] InnoDB: 128 rollback segment(s) are active.
2015-03-04 11:06:08 3252 [Note] InnoDB: Waiting for purge to start
2015-03-04 11:06:08 3252 [Note] InnoDB: 5.6.21 started; log sequence number 3450217
2015-03-04 11:06:08 3252 [Note] Server hostname (bind-address): '*'; port: 3306
2015-03-04 11:06:08 3252 [Note] IPv6 is available.
2015-03-04 11:06:08 3252 [Note]   - '::' resolves to '::';
2015-03-04 11:06:08 3252 [Note] Server socket created on IP: '::'.
2015-03-04 11:06:11 3252 [Note] Event Scheduler: Loaded 0 events
2015-03-04 11:06:11 3252 [Note] c:\users\01008945\xampp\mysql\bin\mysqld.exe: ready for connections.
Version: '5.6.21'  socket: ''  port: 3306  MySQL Community Server (GPL)
2015-03-09 12:08:09 6076 [Note] Plugin 'FEDERATED' is disabled.
2015-03-09 12:08:09 884 InnoDB: Warning: Using innodb_additional_mem_pool_size is DEPRECATED. This option may be removed in future releases, together with the option innodb_use_sys_malloc and with the InnoDB's internal memory allocator.
2015-03-09 12:08:09 6076 [Note] InnoDB: Using atomics to ref count buffer pool pages
2015-03-09 12:08:09 6076 [Note] InnoDB: The InnoDB memory heap is disabled
2015-03-09 12:08:09 6076 [Note] InnoDB: Mutexes and rw_locks use Windows interlocked functions
2015-03-09 12:08:09 6076 [Note] InnoDB: Memory barrier is not used
2015-03-09 12:08:09 6076 [Note] InnoDB: Compressed tables use zlib 1.2.3
2015-03-09 12:08:12 6076 [Note] InnoDB: Not using CPU crc32 instructions
2015-03-09 12:08:13 6076 [Note] InnoDB: Initializing buffer pool, size = 16.0M
2015-03-09 12:08:13 6076 [Note] InnoDB: Completed initialization of buffer pool
2015-03-09 12:08:15 6076 [Note] InnoDB: Highest supported file format is Barracuda.
2015-03-09 12:08:15 6076 [Note] InnoDB: The log sequence numbers 1665234 and 1665234 in ibdata files do not match the log sequence number 3450227 in the ib_logfiles!
2015-03-09 12:08:15 6076 [Note] InnoDB: Database was not shutdown normally!
2015-03-09 12:08:15 6076 [Note] InnoDB: Starting crash recovery.
2015-03-09 12:08:15 6076 [Note] InnoDB: Reading tablespace information from the .ibd files...
2015-03-09 12:08:27 6076 [Note] InnoDB: Restoring possible half-written data pages 
2015-03-09 12:08:27 6076 [Note] InnoDB: from the doublewrite buffer...
2015-03-09 12:08:38 6076 [Note] InnoDB: 128 rollback segment(s) are active.
2015-03-09 12:08:38 6076 [Note] InnoDB: Waiting for purge to start
2015-03-09 12:08:38 6076 [Note] InnoDB: 5.6.21 started; log sequence number 3450227
2015-03-09 12:08:39 6076 [Note] Server hostname (bind-address): '*'; port: 3306
2015-03-09 12:08:39 6076 [Note] IPv6 is available.
2015-03-09 12:08:39 6076 [Note]   - '::' resolves to '::';
2015-03-09 12:08:39 6076 [Note] Server socket created on IP: '::'.
2015-03-09 12:08:42 6076 [Note] Event Scheduler: Loaded 0 events
2015-03-09 12:08:42 6076 [Note] c:\users\01008945\xampp\mysql\bin\mysqld.exe: ready for connections.
Version: '5.6.21'  socket: ''  port: 3306  MySQL Community Server (GPL)
2015-03-24 11:51:20 2452 [Note] Plugin 'FEDERATED' is disabled.
2015-03-24 11:51:21 113c InnoDB: Warning: Using innodb_additional_mem_pool_size is DEPRECATED. This option may be removed in future releases, together with the option innodb_use_sys_malloc and with the InnoDB's internal memory allocator.
2015-03-24 11:51:21 2452 [Note] InnoDB: Using atomics to ref count buffer pool pages
2015-03-24 11:51:21 2452 [Note] InnoDB: The InnoDB memory heap is disabled
2015-03-24 11:51:21 2452 [Note] InnoDB: Mutexes and rw_locks use Windows interlocked functions
2015-03-24 11:51:21 2452 [Note] InnoDB: Memory barrier is not used
2015-03-24 11:51:21 2452 [Note] InnoDB: Compressed tables use zlib 1.2.3
2015-03-24 11:51:21 2452 [Note] InnoDB: Not using CPU crc32 instructions
2015-03-24 11:51:21 2452 [Note] InnoDB: Initializing buffer pool, size = 16.0M
2015-03-24 11:51:22 2452 [Note] InnoDB: Completed initialization of buffer pool
2015-03-24 11:51:22 2452 [Note] InnoDB: Highest supported file format is Barracuda.
2015-03-24 11:51:22 2452 [Note] InnoDB: The log sequence numbers 1665234 and 1665234 in ibdata files do not match the log sequence number 3450237 in the ib_logfiles!
2015-03-24 11:51:22 2452 [Note] InnoDB: Database was not shutdown normally!
2015-03-24 11:51:22 2452 [Note] InnoDB: Starting crash recovery.
2015-03-24 11:51:22 2452 [Note] InnoDB: Reading tablespace information from the .ibd files...
2015-03-24 11:51:24 2452 [Note] InnoDB: Restoring possible half-written data pages 
2015-03-24 11:51:24 2452 [Note] InnoDB: from the doublewrite buffer...
2015-03-24 11:51:33 2452 [Note] InnoDB: 128 rollback segment(s) are active.
2015-03-24 11:51:33 2452 [Note] InnoDB: Waiting for purge to start
2015-03-24 11:51:33 2452 [Note] InnoDB: 5.6.21 started; log sequence number 3450237
2015-03-24 11:51:33 2452 [Note] Server hostname (bind-address): '*'; port: 3306
2015-03-24 11:51:33 2452 [Note] IPv6 is available.
2015-03-24 11:51:33 2452 [Note]   - '::' resolves to '::';
2015-03-24 11:51:33 2452 [Note] Server socket created on IP: '::'.
2015-03-24 11:51:35 2452 [Note] Event Scheduler: Loaded 0 events
2015-03-24 11:51:35 2452 [Note] c:\users\01008945\xampp\mysql\bin\mysqld.exe: ready for connections.
Version: '5.6.21'  socket: ''  port: 3306  MySQL Community Server (GPL)
2015-03-24 11:59:06 2272 [Note] Plugin 'FEDERATED' is disabled.
2015-03-24 11:59:06 1488 InnoDB: Warning: Using innodb_additional_mem_pool_size is DEPRECATED. This option may be removed in future releases, together with the option innodb_use_sys_malloc and with the InnoDB's internal memory allocator.
2015-03-24 11:59:06 2272 [Note] InnoDB: Using atomics to ref count buffer pool pages
2015-03-24 11:59:06 2272 [Note] InnoDB: The InnoDB memory heap is disabled
2015-03-24 11:59:06 2272 [Note] InnoDB: Mutexes and rw_locks use Windows interlocked functions
2015-03-24 11:59:06 2272 [Note] InnoDB: Memory barrier is not used
2015-03-24 11:59:06 2272 [Note] InnoDB: Compressed tables use zlib 1.2.3
2015-03-24 11:59:06 2272 [Note] InnoDB: Not using CPU crc32 instructions
2015-03-24 11:59:06 2272 [Note] InnoDB: Initializing buffer pool, size = 16.0M
2015-03-24 11:59:06 2272 [Note] InnoDB: Completed initialization of buffer pool
2015-03-24 11:59:06 2272 [Note] InnoDB: Highest supported file format is Barracuda.
2015-03-24 11:59:06 2272 [Note] InnoDB: The log sequence numbers 1665234 and 1665234 in ibdata files do not match the log sequence number 3450247 in the ib_logfiles!
2015-03-24 11:59:06 2272 [Note] InnoDB: Database was not shutdown normally!
2015-03-24 11:59:06 2272 [Note] InnoDB: Starting crash recovery.
2015-03-24 11:59:06 2272 [Note] InnoDB: Reading tablespace information from the .ibd files...
2015-03-24 11:59:06 2272 [Note] InnoDB: Restoring possible half-written data pages 
2015-03-24 11:59:06 2272 [Note] InnoDB: from the doublewrite buffer...
2015-03-24 11:59:07 2272 [Note] InnoDB: 128 rollback segment(s) are active.
2015-03-24 11:59:07 2272 [Note] InnoDB: Waiting for purge to start
2015-03-24 11:59:07 2272 [Note] InnoDB: 5.6.21 started; log sequence number 3450247
2015-03-24 11:59:07 2272 [Note] Server hostname (bind-address): '*'; port: 3306
2015-03-24 11:59:07 2272 [Note] IPv6 is available.
2015-03-24 11:59:07 2272 [Note]   - '::' resolves to '::';
2015-03-24 11:59:07 2272 [Note] Server socket created on IP: '::'.
2015-03-24 11:59:07 2272 [Note] Event Scheduler: Loaded 0 events
2015-03-24 11:59:07 2272 [Note] c:\users\01008945\xampp\mysql\bin\mysqld.exe: ready for connections.
Version: '5.6.21'  socket: ''  port: 3306  MySQL Community Server (GPL)
2015-03-24 12:15:06 4608 [Note] Plugin 'FEDERATED' is disabled.
2015-03-24 12:15:06 179c InnoDB: Warning: Using innodb_additional_mem_pool_size is DEPRECATED. This option may be removed in future releases, together with the option innodb_use_sys_malloc and with the InnoDB's internal memory allocator.
2015-03-24 12:15:06 4608 [Note] InnoDB: Using atomics to ref count buffer pool pages
2015-03-24 12:15:06 4608 [Note] InnoDB: The InnoDB memory heap is disabled
2015-03-24 12:15:06 4608 [Note] InnoDB: Mutexes and rw_locks use Windows interlocked functions
2015-03-24 12:15:06 4608 [Note] InnoDB: Memory barrier is not used
2015-03-24 12:15:06 4608 [Note] InnoDB: Compressed tables use zlib 1.2.3
2015-03-24 12:15:06 4608 [Note] InnoDB: Not using CPU crc32 instructions
2015-03-24 12:15:06 4608 [Note] InnoDB: Initializing buffer pool, size = 16.0M
2015-03-24 12:15:06 4608 [Note] InnoDB: Completed initialization of buffer pool
2015-03-24 12:15:06 4608 [Note] InnoDB: Highest supported file format is Barracuda.
2015-03-24 12:15:06 4608 [Note] InnoDB: The log sequence numbers 1665234 and 1665234 in ibdata files do not match the log sequence number 3450257 in the ib_logfiles!
2015-03-24 12:15:06 4608 [Note] InnoDB: Database was not shutdown normally!
2015-03-24 12:15:06 4608 [Note] InnoDB: Starting crash recovery.
2015-03-24 12:15:06 4608 [Note] InnoDB: Reading tablespace information from the .ibd files...
2015-03-24 12:15:07 4608 [Note] InnoDB: Restoring possible half-written data pages 
2015-03-24 12:15:07 4608 [Note] InnoDB: from the doublewrite buffer...
2015-03-24 12:15:07 4608 [Note] InnoDB: 128 rollback segment(s) are active.
2015-03-24 12:15:07 4608 [Note] InnoDB: Waiting for purge to start
2015-03-24 12:15:07 4608 [Note] InnoDB: 5.6.21 started; log sequence number 3450257
2015-03-24 12:15:07 4608 [Note] Server hostname (bind-address): '*'; port: 3306
2015-03-24 12:15:07 4608 [Note] IPv6 is available.
2015-03-24 12:15:07 4608 [Note]   - '::' resolves to '::';
2015-03-24 12:15:07 4608 [Note] Server socket created on IP: '::'.
2015-03-24 12:15:07 4608 [Note] Event Scheduler: Loaded 0 events
2015-03-24 12:15:07 4608 [Note] c:\users\01008945\xampp\mysql\bin\mysqld.exe: ready for connections.
Version: '5.6.21'  socket: ''  port: 3306  MySQL Community Server (GPL)
2015-03-24 12:15:42 5656 [Note] Plugin 'FEDERATED' is disabled.
2015-03-24 12:15:42 110c InnoDB: Warning: Using innodb_additional_mem_pool_size is DEPRECATED. This option may be removed in future releases, together with the option innodb_use_sys_malloc and with the InnoDB's internal memory allocator.
2015-03-24 12:15:42 5656 [Note] InnoDB: Using atomics to ref count buffer pool pages
2015-03-24 12:15:42 5656 [Note] InnoDB: The InnoDB memory heap is disabled
2015-03-24 12:15:42 5656 [Note] InnoDB: Mutexes and rw_locks use Windows interlocked functions
2015-03-24 12:15:42 5656 [Note] InnoDB: Memory barrier is not used
2015-03-24 12:15:42 5656 [Note] InnoDB: Compressed tables use zlib 1.2.3
2015-03-24 12:15:42 5656 [Note] InnoDB: Not using CPU crc32 instructions
2015-03-24 12:15:42 5656 [Note] InnoDB: Initializing buffer pool, size = 16.0M
2015-03-24 12:15:42 5656 [Note] InnoDB: Completed initialization of buffer pool
2015-03-24 12:15:42 5656 [Note] InnoDB: Highest supported file format is Barracuda.
2015-03-24 12:15:42 5656 [Note] InnoDB: The log sequence numbers 1665234 and 1665234 in ibdata files do not match the log sequence number 3450267 in the ib_logfiles!
2015-03-24 12:15:42 5656 [Note] InnoDB: Database was not shutdown normally!
2015-03-24 12:15:42 5656 [Note] InnoDB: Starting crash recovery.
2015-03-24 12:15:42 5656 [Note] InnoDB: Reading tablespace information from the .ibd files...
2015-03-24 12:15:42 5656 [Note] InnoDB: Restoring possible half-written data pages 
2015-03-24 12:15:42 5656 [Note] InnoDB: from the doublewrite buffer...
2015-03-24 12:15:42 5656 [Note] InnoDB: 128 rollback segment(s) are active.
2015-03-24 12:15:42 5656 [Note] InnoDB: Waiting for purge to start
2015-03-24 12:15:43 5656 [Note] InnoDB: 5.6.21 started; log sequence number 3450267
2015-03-24 12:15:43 5656 [Note] Server hostname (bind-address): '*'; port: 3306
2015-03-24 12:15:43 5656 [Note] IPv6 is available.
2015-03-24 12:15:43 5656 [Note]   - '::' resolves to '::';
2015-03-24 12:15:43 5656 [Note] Server socket created on IP: '::'.
2015-03-24 12:15:43 5656 [Note] Event Scheduler: Loaded 0 events
2015-03-24 12:15:43 5656 [Note] c:\users\01008945\xampp\mysql\bin\mysqld.exe: ready for connections.
Version: '5.6.21'  socket: ''  port: 3306  MySQL Community Server (GPL)
2015-03-24 12:17:48 4824 [Note] Plugin 'FEDERATED' is disabled.
2015-03-24 12:17:48 1370 InnoDB: Warning: Using innodb_additional_mem_pool_size is DEPRECATED. This option may be removed in future releases, together with the option innodb_use_sys_malloc and with the InnoDB's internal memory allocator.
2015-03-24 12:17:48 4824 [Note] InnoDB: Using atomics to ref count buffer pool pages
2015-03-24 12:17:48 4824 [Note] InnoDB: The InnoDB memory heap is disabled
2015-03-24 12:17:48 4824 [Note] InnoDB: Mutexes and rw_locks use Windows interlocked functions
2015-03-24 12:17:48 4824 [Note] InnoDB: Memory barrier is not used
2015-03-24 12:17:48 4824 [Note] InnoDB: Compressed tables use zlib 1.2.3
2015-03-24 12:17:48 4824 [Note] InnoDB: Not using CPU crc32 instructions
2015-03-24 12:17:48 4824 [Note] InnoDB: Initializing buffer pool, size = 16.0M
2015-03-24 12:17:48 4824 [Note] InnoDB: Completed initialization of buffer pool
2015-03-24 12:17:48 4824 [Note] InnoDB: Highest supported file format is Barracuda.
2015-03-24 12:17:48 4824 [Note] InnoDB: The log sequence numbers 1665234 and 1665234 in ibdata files do not match the log sequence number 3450277 in the ib_logfiles!
2015-03-24 12:17:48 4824 [Note] InnoDB: Database was not shutdown normally!
2015-03-24 12:17:48 4824 [Note] InnoDB: Starting crash recovery.
2015-03-24 12:17:48 4824 [Note] InnoDB: Reading tablespace information from the .ibd files...
2015-03-24 12:17:48 4824 [Note] InnoDB: Restoring possible half-written data pages 
2015-03-24 12:17:48 4824 [Note] InnoDB: from the doublewrite buffer...
2015-03-24 12:17:48 4824 [Note] InnoDB: 128 rollback segment(s) are active.
2015-03-24 12:17:48 4824 [Note] InnoDB: Waiting for purge to start
2015-03-24 12:17:48 4824 [Note] InnoDB: 5.6.21 started; log sequence number 3450277
2015-03-24 12:17:48 4824 [Note] Server hostname (bind-address): '*'; port: 3306
2015-03-24 12:17:48 4824 [Note] IPv6 is available.
2015-03-24 12:17:48 4824 [Note]   - '::' resolves to '::';
2015-03-24 12:17:48 4824 [Note] Server socket created on IP: '::'.
2015-03-24 12:17:48 4824 [Note] Event Scheduler: Loaded 0 events
2015-03-24 12:17:48 4824 [Note] c:\users\01008945\xampp\mysql\bin\mysqld.exe: ready for connections.
Version: '5.6.21'  socket: ''  port: 3306  MySQL Community Server (GPL)
2015-03-25 11:05:13 2512 [Note] Plugin 'FEDERATED' is disabled.
2015-03-25 11:05:14 3ac InnoDB: Warning: Using innodb_additional_mem_pool_size is DEPRECATED. This option may be removed in future releases, together with the option innodb_use_sys_malloc and with the InnoDB's internal memory allocator.
2015-03-25 11:05:14 2512 [Note] InnoDB: Using atomics to ref count buffer pool pages
2015-03-25 11:05:14 2512 [Note] InnoDB: The InnoDB memory heap is disabled
2015-03-25 11:05:14 2512 [Note] InnoDB: Mutexes and rw_locks use Windows interlocked functions
2015-03-25 11:05:14 2512 [Note] InnoDB: Memory barrier is not used
2015-03-25 11:05:14 2512 [Note] InnoDB: Compressed tables use zlib 1.2.3
2015-03-25 11:05:14 2512 [Note] InnoDB: Not using CPU crc32 instructions
2015-03-25 11:05:14 2512 [Note] InnoDB: Initializing buffer pool, size = 16.0M
2015-03-25 11:05:14 2512 [Note] InnoDB: Completed initialization of buffer pool
2015-03-25 11:05:15 2512 [Note] InnoDB: Highest supported file format is Barracuda.
2015-03-25 11:05:15 2512 [Note] InnoDB: The log sequence numbers 1665234 and 1665234 in ibdata files do not match the log sequence number 3450287 in the ib_logfiles!
2015-03-25 11:05:15 2512 [Note] InnoDB: Database was not shutdown normally!
2015-03-25 11:05:15 2512 [Note] InnoDB: Starting crash recovery.
2015-03-25 11:05:15 2512 [Note] InnoDB: Reading tablespace information from the .ibd files...
2015-03-25 11:05:16 2512 [Note] InnoDB: Restoring possible half-written data pages 
2015-03-25 11:05:16 2512 [Note] InnoDB: from the doublewrite buffer...
2015-03-25 11:05:17 2512 [Note] InnoDB: 128 rollback segment(s) are active.
2015-03-25 11:05:17 2512 [Note] InnoDB: Waiting for purge to start
2015-03-25 11:05:17 2512 [Note] InnoDB: 5.6.21 started; log sequence number 3450287
2015-03-25 11:05:18 2512 [Note] Server hostname (bind-address): '*'; port: 3306
2015-03-25 11:05:18 2512 [Note] IPv6 is available.
2015-03-25 11:05:18 2512 [Note]   - '::' resolves to '::';
2015-03-25 11:05:18 2512 [Note] Server socket created on IP: '::'.
2015-03-25 11:05:21 2512 [Note] Event Scheduler: Loaded 0 events
2015-03-25 11:05:21 2512 [Note] c:\users\01008945\xampp\mysql\bin\mysqld.exe: ready for connections.
Version: '5.6.21'  socket: ''  port: 3306  MySQL Community Server (GPL)
2015-03-25 11:07:49 6188 [Note] Plugin 'FEDERATED' is disabled.
2015-03-25 11:07:49 e10 InnoDB: Warning: Using innodb_additional_mem_pool_size is DEPRECATED. This option may be removed in future releases, together with the option innodb_use_sys_malloc and with the InnoDB's internal memory allocator.
2015-03-25 11:07:49 6188 [Note] InnoDB: Using atomics to ref count buffer pool pages
2015-03-25 11:07:49 6188 [Note] InnoDB: The InnoDB memory heap is disabled
2015-03-25 11:07:49 6188 [Note] InnoDB: Mutexes and rw_locks use Windows interlocked functions
2015-03-25 11:07:49 6188 [Note] InnoDB: Memory barrier is not used
2015-03-25 11:07:49 6188 [Note] InnoDB: Compressed tables use zlib 1.2.3
2015-03-25 11:07:49 6188 [Note] InnoDB: Not using CPU crc32 instructions
2015-03-25 11:07:49 6188 [Note] InnoDB: Initializing buffer pool, size = 16.0M
2015-03-25 11:07:49 6188 [Note] InnoDB: Completed initialization of buffer pool
2015-03-25 11:07:50 6188 [Note] InnoDB: Highest supported file format is Barracuda.
2015-03-25 11:07:50 6188 [Note] InnoDB: The log sequence numbers 1665234 and 1665234 in ibdata files do not match the log sequence number 3450297 in the ib_logfiles!
2015-03-25 11:07:50 6188 [Note] InnoDB: Database was not shutdown normally!
2015-03-25 11:07:50 6188 [Note] InnoDB: Starting crash recovery.
2015-03-25 11:07:50 6188 [Note] InnoDB: Reading tablespace information from the .ibd files...
2015-03-25 11:07:50 6188 [Note] InnoDB: Restoring possible half-written data pages 
2015-03-25 11:07:50 6188 [Note] InnoDB: from the doublewrite buffer...
2015-03-25 11:07:50 6188 [Note] InnoDB: 128 rollback segment(s) are active.
2015-03-25 11:07:50 6188 [Note] InnoDB: Waiting for purge to start
2015-03-25 11:07:50 6188 [Note] InnoDB: 5.6.21 started; log sequence number 3450297
2015-03-25 11:07:50 6188 [Note] Server hostname (bind-address): '*'; port: 3306
2015-03-25 11:07:50 6188 [Note] IPv6 is available.
2015-03-25 11:07:50 6188 [Note]   - '::' resolves to '::';
2015-03-25 11:07:50 6188 [Note] Server socket created on IP: '::'.
2015-03-25 11:07:50 6188 [Note] Event Scheduler: Loaded 0 events
2015-03-25 11:07:50 6188 [Note] c:\users\01008945\xampp\mysql\bin\mysqld.exe: ready for connections.
Version: '5.6.21'  socket: ''  port: 3306  MySQL Community Server (GPL)
2015-03-25 11:20:35 3488 [Note] Plugin 'FEDERATED' is disabled.
2015-03-25 11:20:35 1ac InnoDB: Warning: Using innodb_additional_mem_pool_size is DEPRECATED. This option may be removed in future releases, together with the option innodb_use_sys_malloc and with the InnoDB's internal memory allocator.
2015-03-25 11:20:35 3488 [Note] InnoDB: Using atomics to ref count buffer pool pages
2015-03-25 11:20:35 3488 [Note] InnoDB: The InnoDB memory heap is disabled
2015-03-25 11:20:35 3488 [Note] InnoDB: Mutexes and rw_locks use Windows interlocked functions
2015-03-25 11:20:35 3488 [Note] InnoDB: Memory barrier is not used
2015-03-25 11:20:35 3488 [Note] InnoDB: Compressed tables use zlib 1.2.3
2015-03-25 11:20:35 3488 [Note] InnoDB: Not using CPU crc32 instructions
2015-03-25 11:20:35 3488 [Note] InnoDB: Initializing buffer pool, size = 16.0M
2015-03-25 11:20:35 3488 [Note] InnoDB: Completed initialization of buffer pool
2015-03-25 11:20:35 3488 [Note] InnoDB: Highest supported file format is Barracuda.
2015-03-25 11:20:35 3488 [Note] InnoDB: The log sequence numbers 1665234 and 1665234 in ibdata files do not match the log sequence number 3450307 in the ib_logfiles!
2015-03-25 11:20:35 3488 [Note] InnoDB: Database was not shutdown normally!
2015-03-25 11:20:35 3488 [Note] InnoDB: Starting crash recovery.
2015-03-25 11:20:35 3488 [Note] InnoDB: Reading tablespace information from the .ibd files...
2015-03-25 11:20:35 3488 [Note] InnoDB: Restoring possible half-written data pages 
2015-03-25 11:20:35 3488 [Note] InnoDB: from the doublewrite buffer...
2015-03-25 11:20:35 3488 [Note] InnoDB: 128 rollback segment(s) are active.
2015-03-25 11:20:35 3488 [Note] InnoDB: Waiting for purge to start
2015-03-25 11:20:35 3488 [Note] InnoDB: 5.6.21 started; log sequence number 3450307
2015-03-25 11:20:35 3488 [Note] Server hostname (bind-address): '*'; port: 3306
2015-03-25 11:20:35 3488 [Note] IPv6 is available.
2015-03-25 11:20:35 3488 [Note]   - '::' resolves to '::';
2015-03-25 11:20:35 3488 [Note] Server socket created on IP: '::'.
2015-03-25 11:20:35 3488 [Note] Event Scheduler: Loaded 0 events
2015-03-25 11:20:35 3488 [Note] c:\users\01008945\xampp\mysql\bin\mysqld.exe: ready for connections.
Version: '5.6.21'  socket: ''  port: 3306  MySQL Community Server (GPL)
2015-03-25 11:32:44 6748 [Note] Plugin 'FEDERATED' is disabled.
2015-03-25 11:32:44 1420 InnoDB: Warning: Using innodb_additional_mem_pool_size is DEPRECATED. This option may be removed in future releases, together with the option innodb_use_sys_malloc and with the InnoDB's internal memory allocator.
2015-03-25 11:32:44 6748 [Note] InnoDB: Using atomics to ref count buffer pool pages
2015-03-25 11:32:44 6748 [Note] InnoDB: The InnoDB memory heap is disabled
2015-03-25 11:32:44 6748 [Note] InnoDB: Mutexes and rw_locks use Windows interlocked functions
2015-03-25 11:32:44 6748 [Note] InnoDB: Memory barrier is not used
2015-03-25 11:32:44 6748 [Note] InnoDB: Compressed tables use zlib 1.2.3
2015-03-25 11:32:44 6748 [Note] InnoDB: Not using CPU crc32 instructions
2015-03-25 11:32:44 6748 [Note] InnoDB: Initializing buffer pool, size = 16.0M
2015-03-25 11:32:44 6748 [Note] InnoDB: Completed initialization of buffer pool
2015-03-25 11:32:44 6748 [Note] InnoDB: Highest supported file format is Barracuda.
2015-03-25 11:32:44 6748 [Note] InnoDB: The log sequence numbers 1665234 and 1665234 in ibdata files do not match the log sequence number 3450317 in the ib_logfiles!
2015-03-25 11:32:44 6748 [Note] InnoDB: Database was not shutdown normally!
2015-03-25 11:32:44 6748 [Note] InnoDB: Starting crash recovery.
2015-03-25 11:32:44 6748 [Note] InnoDB: Reading tablespace information from the .ibd files...
2015-03-25 11:32:44 6748 [Note] InnoDB: Restoring possible half-written data pages 
2015-03-25 11:32:44 6748 [Note] InnoDB: from the doublewrite buffer...
2015-03-25 11:32:45 6748 [Note] InnoDB: 128 rollback segment(s) are active.
2015-03-25 11:32:45 6748 [Note] InnoDB: Waiting for purge to start
2015-03-25 11:32:45 6748 [Note] InnoDB: 5.6.21 started; log sequence number 3450317
2015-03-25 11:32:45 6748 [Note] Server hostname (bind-address): '*'; port: 3306
2015-03-25 11:32:45 6748 [Note] IPv6 is available.
2015-03-25 11:32:45 6748 [Note]   - '::' resolves to '::';
2015-03-25 11:32:45 6748 [Note] Server socket created on IP: '::'.
2015-03-25 11:32:45 6748 [Note] Event Scheduler: Loaded 0 events
2015-03-25 11:32:45 6748 [Note] c:\users\01008945\xampp\mysql\bin\mysqld.exe: ready for connections.
Version: '5.6.21'  socket: ''  port: 3306  MySQL Community Server (GPL)
